#
# There is insufficient memory for the Java Runtime Environment to continue.
# Native memory allocation (malloc) failed to allocate 975760 bytes for Chunk::new
# Possible reasons:
#   The system is out of physical RAM or swap space
#   In 32 bit mode, the process size limit was hit
# Possible solutions:
#   Reduce memory load on the system
#   Increase physical memory or swap space
#   Check if swap backing store is full
#   Use 64 bit Java on a 64 bit OS
#   Decrease Java heap size (-Xmx/-Xms)
#   Decrease number of Java threads
#   Decrease Java thread stack sizes (-Xss)
#   Set larger code cache with -XX:ReservedCodeCacheSize=
# This output file may be truncated or incomplete.
#
#  Out of Memory Error (allocation.cpp:390), pid=15052, tid=0x0000000000002724
#
# JRE version: Java(TM) SE Runtime Environment (8.0_181-b13) (build 1.8.0_181-b13)
# Java VM: Java HotSpot(TM) 64-Bit Server VM (25.181-b13 mixed mode windows-amd64 compressed oops)
# Failed to write core dump. Minidumps are not enabled by default on client versions of Windows
#

---------------  T H R E A D  ---------------

Current thread (0x000000001eca4800):  JavaThread "C2 CompilerThread2" daemon [_thread_in_native, id=10020, stack(0x0000000020b00000,0x0000000020c00000)]

Stack: [0x0000000020b00000,0x0000000020c00000]
[error occurred during error reporting (printing stack bounds), id 0xc0000005]

Native frames: (J=compiled Java code, j=interpreted, Vv=VM code, C=native code)


Current CompileTask:
C2:   2725 3247   !   4       java.net.URLClassLoader$1::run (63 bytes)


---------------  P R O C E S S  ---------------

Java Threads: ( => current thread )
  0x000000001ed6c000 JavaThread "Service Thread" daemon [_thread_blocked, id=1220, stack(0x0000000021600000,0x0000000021700000)]
  0x000000001ed19000 JavaThread "C1 CompilerThread11" daemon [_thread_blocked, id=14536, stack(0x0000000021500000,0x0000000021600000)]
  0x000000001ed15800 JavaThread "C1 CompilerThread10" daemon [_thread_blocked, id=10556, stack(0x0000000021400000,0x0000000021500000)]
  0x000000001ed14000 JavaThread "C1 CompilerThread9" daemon [_thread_blocked, id=12512, stack(0x0000000021200000,0x0000000021300000)]
  0x000000001ed13000 JavaThread "C1 CompilerThread8" daemon [_thread_blocked, id=15944, stack(0x0000000021100000,0x0000000021200000)]
  0x000000001ed14800 JavaThread "C2 CompilerThread7" daemon [_thread_blocked, id=12780, stack(0x0000000021000000,0x0000000021100000)]
  0x000000001ed12800 JavaThread "C2 CompilerThread6" daemon [_thread_blocked, id=13964, stack(0x0000000020f00000,0x0000000021000000)]
  0x000000001ed04800 JavaThread "C2 CompilerThread5" daemon [_thread_blocked, id=17756, stack(0x0000000020e00000,0x0000000020f00000)]
  0x000000001ecdc000 JavaThread "C2 CompilerThread4" daemon [_thread_blocked, id=260, stack(0x0000000020d00000,0x0000000020e00000)]
  0x000000001ecaf000 JavaThread "C2 CompilerThread3" daemon [_thread_blocked, id=17056, stack(0x0000000020c00000,0x0000000020d00000)]
=>0x000000001eca4800 JavaThread "C2 CompilerThread2" daemon [_thread_in_native, id=10020, stack(0x0000000020b00000,0x0000000020c00000)]
  0x000000001ec9f000 JavaThread "C2 CompilerThread1" daemon [_thread_in_native, id=13500, stack(0x0000000020a00000,0x0000000020b00000)]
  0x000000001ec9c800 JavaThread "C2 CompilerThread0" daemon [_thread_blocked, id=10452, stack(0x0000000020900000,0x0000000020a00000)]
  0x000000001ec9b800 JavaThread "Attach Listener" daemon [_thread_blocked, id=16684, stack(0x0000000020800000,0x0000000020900000)]
  0x000000001ec97000 JavaThread "Signal Dispatcher" daemon [_thread_blocked, id=1780, stack(0x0000000020700000,0x0000000020800000)]
  0x000000001ec86800 JavaThread "Finalizer" daemon [_thread_blocked, id=1412, stack(0x00000000204e0000,0x00000000205e0000)]
  0x000000001d22c000 JavaThread "Reference Handler" daemon [_thread_blocked, id=13280, stack(0x00000000203e0000,0x00000000204e0000)]
  0x00000000031b2800 JavaThread "main" [_thread_blocked, id=11148, stack(0x00000000030b0000,0x00000000031b0000)]

Other Threads:
  0x000000001ec65000 VMThread [stack: 0x00000000202e0000,0x00000000203e0000] [id=3732]
  0x000000001ed86000 WatcherThread [stack: 0x0000000021700000,0x0000000021800000] [id=15768]

VM state:at safepoint (normal execution)

VM Mutex/Monitor currently owned by a thread:  ([mutex/lock_event])
[0x00000000030ad460] Threads_lock - owner thread: 0x000000001ec65000
[0x00000000030ad1e0] Heap_lock - owner thread: 0x00000000031b2800

Heap:
 PSYoungGen      total 141824K, used 0K [0x000000076b000000, 0x0000000774500000, 0x00000007c0000000)
  eden space 131072K, 0% used [0x000000076b000000,0x000000076b000000,0x0000000773000000)
  from space 10752K, 0% used [0x0000000773a80000,0x0000000773a80000,0x0000000774500000)
  to   space 10752K, 0% used [0x0000000773000000,0x0000000773000000,0x0000000773a80000)
 ParOldGen       total 175104K, used 16027K [0x00000006c1000000, 0x00000006cbb00000, 0x000000076b000000)
  object space 175104K, 9% used [0x00000006c1000000,0x00000006c1fa6f40,0x00000006cbb00000)
 Metaspace       used 16460K, capacity 16922K, committed 17280K, reserved 1064960K
  class space    used 1955K, capacity 2060K, committed 2176K, reserved 1048576K

Card table byte_map: [0x0000000012670000,0x0000000012e70000] byte_map_base: 0x000000000f068000

Marking Bits: (ParMarkBitMap*) 0x0000000058d22d00
 Begin Bits: [0x00000000140c0000, 0x0000000018080000)
 End Bits:   [0x0000000018080000, 0x000000001c040000)

Polling page: 0x0000000000dd0000

CodeCache: size=245760Kb used=13671Kb max_used=13682Kb free=232088Kb
 bounds [0x00000000032b0000, 0x0000000004020000, 0x00000000122b0000]
 total_blobs=3652 nmethods=3308 adapters=254
 compilation: enabled

Compilation events (10 events):
Event: 2.533 Thread 0x000000001ed13000 nmethod 3304 0x00000000040121d0 code [0x0000000004012340, 0x00000000040126a8]
Event: 2.533 Thread 0x000000001ed13000 3308       3       java.lang.ProcessEnvironment::access$300 (4 bytes)
Event: 2.533 Thread 0x000000001ed13000 nmethod 3308 0x0000000004011ed0 code [0x0000000004012020, 0x0000000004012150]
Event: 2.533 Thread 0x000000001ed19000 nmethod 3307 0x0000000004014850 code [0x0000000004014a00, 0x0000000004014fc8]
Event: 2.534 Thread 0x000000001ed15800 nmethod 3306 0x0000000004013b50 code [0x0000000004013d20, 0x00000000040145c8]
Event: 2.661 Thread 0x000000001ecaf000 3309       4       sun.nio.cs.SingleByte$Encoder::encode (32 bytes)
Event: 2.661 Thread 0x000000001ed19000 3310       3       java.nio.Buffer::clear (20 bytes)
Event: 2.661 Thread 0x000000001ed19000 nmethod 3310 0x0000000004013810 code [0x0000000004013960, 0x0000000004013ad0]
Event: 2.662 Thread 0x000000001ecaf000 nmethod 3309 0x0000000004018490 code [0x00000000040185e0, 0x00000000040186f8]
Event: 2.664 Thread 0x000000001ed14800 3311       4       java.lang.StringBuilder::length (5 bytes)

GC Heap History (9 events):
Event: 0.884 GC heap before
{Heap before GC invocations=1 (full 0):
 PSYoungGen      total 76288K, used 65536K [0x000000076b000000, 0x0000000770500000, 0x00000007c0000000)
  eden space 65536K, 100% used [0x000000076b000000,0x000000076f000000,0x000000076f000000)
  from space 10752K, 0% used [0x000000076fa80000,0x000000076fa80000,0x0000000770500000)
  to   space 10752K, 0% used [0x000000076f000000,0x000000076f000000,0x000000076fa80000)
 ParOldGen       total 175104K, used 0K [0x00000006c1000000, 0x00000006cbb00000, 0x000000076b000000)
  object space 175104K, 0% used [0x00000006c1000000,0x00000006c1000000,0x00000006cbb00000)
 Metaspace       used 11749K, capacity 11970K, committed 12160K, reserved 1060864K
  class space    used 1492K, capacity 1578K, committed 1664K, reserved 1048576K
Event: 0.891 GC heap after
Heap after GC invocations=1 (full 0):
 PSYoungGen      total 76288K, used 10132K [0x000000076b000000, 0x0000000770500000, 0x00000007c0000000)
  eden space 65536K, 0% used [0x000000076b000000,0x000000076b000000,0x000000076f000000)
  from space 10752K, 94% used [0x000000076f000000,0x000000076f9e5058,0x000000076fa80000)
  to   space 10752K, 0% used [0x000000076fa80000,0x000000076fa80000,0x0000000770500000)
 ParOldGen       total 175104K, used 16K [0x00000006c1000000, 0x00000006cbb00000, 0x000000076b000000)
  object space 175104K, 0% used [0x00000006c1000000,0x00000006c1004000,0x00000006cbb00000)
 Metaspace       used 11749K, capacity 11970K, committed 12160K, reserved 1060864K
  class space    used 1492K, capacity 1578K, committed 1664K, reserved 1048576K
}
Event: 1.569 GC heap before
{Heap before GC invocations=2 (full 0):
 PSYoungGen      total 76288K, used 75668K [0x000000076b000000, 0x0000000770500000, 0x00000007c0000000)
  eden space 65536K, 100% used [0x000000076b000000,0x000000076f000000,0x000000076f000000)
  from space 10752K, 94% used [0x000000076f000000,0x000000076f9e5058,0x000000076fa80000)
  to   space 10752K, 0% used [0x000000076fa80000,0x000000076fa80000,0x0000000770500000)
 ParOldGen       total 175104K, used 16K [0x00000006c1000000, 0x00000006cbb00000, 0x000000076b000000)
  object space 175104K, 0% used [0x00000006c1000000,0x00000006c1004000,0x00000006cbb00000)
 Metaspace       used 15161K, capacity 15472K, committed 15744K, reserved 1062912K
  class space    used 1845K, capacity 1919K, committed 1920K, reserved 1048576K
Event: 1.581 GC heap after
Heap after GC invocations=2 (full 0):
 PSYoungGen      total 76288K, used 10740K [0x000000076b000000, 0x0000000774500000, 0x00000007c0000000)
  eden space 65536K, 0% used [0x000000076b000000,0x000000076b000000,0x000000076f000000)
  from space 10752K, 99% used [0x000000076fa80000,0x00000007704fd000,0x0000000770500000)
  to   space 10752K, 0% used [0x000000076f000000,0x000000076f000000,0x000000076fa80000)
 ParOldGen       total 175104K, used 1320K [0x00000006c1000000, 0x00000006cbb00000, 0x000000076b000000)
  object space 175104K, 0% used [0x00000006c1000000,0x00000006c114a128,0x00000006cbb00000)
 Metaspace       used 15161K, capacity 15472K, committed 15744K, reserved 1062912K
  class space    used 1845K, capacity 1919K, committed 1920K, reserved 1048576K
}
Event: 2.218 GC heap before
{Heap before GC invocations=3 (full 0):
 PSYoungGen      total 76288K, used 76276K [0x000000076b000000, 0x0000000774500000, 0x00000007c0000000)
  eden space 65536K, 100% used [0x000000076b000000,0x000000076f000000,0x000000076f000000)
  from space 10752K, 99% used [0x000000076fa80000,0x00000007704fd000,0x0000000770500000)
  to   space 10752K, 0% used [0x000000076f000000,0x000000076f000000,0x000000076fa80000)
 ParOldGen       total 175104K, used 1320K [0x00000006c1000000, 0x00000006cbb00000, 0x000000076b000000)
  object space 175104K, 0% used [0x00000006c1000000,0x00000006c114a128,0x00000006cbb00000)
 Metaspace       used 15708K, capacity 16046K, committed 16384K, reserved 1062912K
  class space    used 1868K, capacity 1956K, committed 2048K, reserved 1048576K
Event: 2.226 GC heap after
Heap after GC invocations=3 (full 0):
 PSYoungGen      total 76288K, used 10736K [0x000000076b000000, 0x0000000774500000, 0x00000007c0000000)
  eden space 65536K, 0% used [0x000000076b000000,0x000000076b000000,0x000000076f000000)
  from space 10752K, 99% used [0x000000076f000000,0x000000076fa7c010,0x000000076fa80000)
  to   space 10752K, 0% used [0x0000000773a80000,0x0000000773a80000,0x0000000774500000)
 ParOldGen       total 175104K, used 5584K [0x00000006c1000000, 0x00000006cbb00000, 0x000000076b000000)
  object space 175104K, 3% used [0x00000006c1000000,0x00000006c15740f8,0x00000006cbb00000)
 Metaspace       used 15708K, capacity 16046K, committed 16384K, reserved 1062912K
  class space    used 1868K, capacity 1956K, committed 2048K, reserved 1048576K
}
Event: 2.664 GC heap before
{Heap before GC invocations=4 (full 0):
 PSYoungGen      total 76288K, used 31801K [0x000000076b000000, 0x0000000774500000, 0x00000007c0000000)
  eden space 65536K, 32% used [0x000000076b000000,0x000000076c492750,0x000000076f000000)
  from space 10752K, 99% used [0x000000076f000000,0x000000076fa7c010,0x000000076fa80000)
  to   space 10752K, 0% used [0x0000000773a80000,0x0000000773a80000,0x0000000774500000)
 ParOldGen       total 175104K, used 5584K [0x00000006c1000000, 0x00000006cbb00000, 0x000000076b000000)
  object space 175104K, 3% used [0x00000006c1000000,0x00000006c15740f8,0x00000006cbb00000)
 Metaspace       used 16460K, capacity 16922K, committed 17280K, reserved 1064960K
  class space    used 1955K, capacity 2060K, committed 2176K, reserved 1048576K
Event: 2.673 GC heap after
Heap after GC invocations=4 (full 0):
 PSYoungGen      total 141824K, used 10736K [0x000000076b000000, 0x0000000774500000, 0x00000007c0000000)
  eden space 131072K, 0% used [0x000000076b000000,0x000000076b000000,0x0000000773000000)
  from space 10752K, 99% used [0x0000000773a80000,0x00000007744fc010,0x0000000774500000)
  to   space 10752K, 0% used [0x0000000773000000,0x0000000773000000,0x0000000773a80000)
 ParOldGen       total 175104K, used 7127K [0x00000006c1000000, 0x00000006cbb00000, 0x000000076b000000)
  object space 175104K, 4% used [0x00000006c1000000,0x00000006c16f5f50,0x00000006cbb00000)
 Metaspace       used 16460K, capacity 16922K, committed 17280K, reserved 1064960K
  class space    used 1955K, capacity 2060K, committed 2176K, reserved 1048576K
}
Event: 2.674 GC heap before
{Heap before GC invocations=5 (full 1):
 PSYoungGen      total 141824K, used 10736K [0x000000076b000000, 0x0000000774500000, 0x00000007c0000000)
  eden space 131072K, 0% used [0x000000076b000000,0x000000076b000000,0x0000000773000000)
  from space 10752K, 99% used [0x0000000773a80000,0x00000007744fc010,0x0000000774500000)
  to   space 10752K, 0% used [0x0000000773000000,0x0000000773000000,0x0000000773a80000)
 ParOldGen       total 175104K, used 7127K [0x00000006c1000000, 0x00000006cbb00000, 0x000000076b000000)
  object space 175104K, 4% used [0x00000006c1000000,0x00000006c16f5f50,0x00000006cbb00000)
 Metaspace       used 16460K, capacity 16922K, committed 17280K, reserved 1064960K
  class space    used 1955K, capacity 2060K, committed 2176K, reserved 1048576K

Deoptimization events (10 events):
Event: 2.371 Thread 0x00000000031b2800 Uncommon trap: reason=class_check action=maybe_recompile pc=0x0000000003f4d104 method=org.eclipse.sisu.wire.EntryListAdapter$ValueIterator.hasNext()Z @ 4
Event: 2.373 Thread 0x00000000031b2800 Uncommon trap: reason=unstable_if action=reinterpret pc=0x0000000003d8a640 method=java.util.concurrent.ConcurrentHashMap.replaceNode(Ljava/lang/Object;Ljava/lang/Object;Ljava/lang/Object;)Ljava/lang/Object; @ 124
Event: 2.501 Thread 0x00000000031b2800 Uncommon trap: reason=bimorphic action=maybe_recompile pc=0x0000000003a89ae0 method=java.util.regex.Pattern$CharProperty.match(Ljava/util/regex/Matcher;ILjava/lang/CharSequence;)Z @ 37
Event: 2.525 Thread 0x00000000031b2800 Uncommon trap: reason=unstable_if action=reinterpret pc=0x0000000003d2f680 method=java.util.StringTokenizer.setMaxDelimCodePoint()V @ 71
Event: 2.525 Thread 0x00000000031b2800 Uncommon trap: reason=predicate action=maybe_recompile pc=0x0000000003bda0f4 method=java.util.StringTokenizer.skipDelimiters(I)I @ 17
Event: 2.525 Thread 0x00000000031b2800 Uncommon trap: reason=unstable_if action=reinterpret pc=0x0000000003c2a974 method=java.util.StringTokenizer.scanToken(I)I @ 96
Event: 2.525 Thread 0x00000000031b2800 Uncommon trap: reason=unstable_if action=reinterpret pc=0x0000000003b761a0 method=java.util.StringTokenizer.scanToken(I)I @ 96
Event: 2.664 Thread 0x00000000031b2800 Uncommon trap: reason=bimorphic action=maybe_recompile pc=0x0000000003a89ae0 method=java.util.regex.Pattern$CharProperty.match(Ljava/util/regex/Matcher;ILjava/lang/CharSequence;)Z @ 37
Event: 2.664 Thread 0x00000000031b2800 Uncommon trap: reason=bimorphic action=maybe_recompile pc=0x0000000003a89ae0 method=java.util.regex.Pattern$CharProperty.match(Ljava/util/regex/Matcher;ILjava/lang/CharSequence;)Z @ 37
Event: 2.664 Thread 0x00000000031b2800 Uncommon trap: reason=bimorphic action=maybe_recompile pc=0x0000000003a89ae0 method=java.util.regex.Pattern$CharProperty.match(Ljava/util/regex/Matcher;ILjava/lang/CharSequence;)Z @ 37

Classes redefined (0 events):
No events

Internal exceptions (10 events):
Event: 1.212 Thread 0x00000000031b2800 Implicit null exception at 0x0000000003a7d043 to 0x0000000003a7d28d
Event: 1.501 Thread 0x00000000031b2800 Implicit null exception at 0x000000000385afd5 to 0x000000000385b1d9
Event: 1.501 Thread 0x00000000031b2800 Implicit null exception at 0x000000000385acef to 0x000000000385ad59
Event: 1.502 Thread 0x00000000031b2800 Implicit null exception at 0x0000000003b4989b to 0x0000000003b49b55
Event: 1.502 Thread 0x00000000031b2800 Implicit null exception at 0x0000000003a2241b to 0x0000000003a22c2d
Event: 1.502 Thread 0x00000000031b2800 Implicit null exception at 0x00000000037c55bb to 0x00000000037c5b51
Event: 1.521 Thread 0x00000000031b2800 Implicit null exception at 0x0000000003bea7af to 0x0000000003bead01
Event: 1.598 Thread 0x00000000031b2800 Implicit null exception at 0x0000000003c68a3e to 0x0000000003c68cd5
Event: 1.697 Thread 0x00000000031b2800 Implicit null exception at 0x0000000003ce9c1c to 0x0000000003ceacb5
Event: 2.068 Thread 0x00000000031b2800 Implicit null exception at 0x0000000003e26027 to 0x0000000003e265e5

Events (10 events):
Event: 2.664 Thread 0x00000000031b2800 Uncommon trap: trap_request=0xffffffc6 fr.pc=0x0000000003a89ae0
Event: 2.664 Thread 0x00000000031b2800 DEOPT PACKING pc=0x0000000003a89ae0 sp=0x00000000031ad750
Event: 2.664 Thread 0x00000000031b2800 DEOPT UNPACKING pc=0x00000000032f583b sp=0x00000000031ad6e8 mode 2
Event: 2.664 Thread 0x00000000031b2800 Uncommon trap: trap_request=0xffffffc6 fr.pc=0x0000000003a89ae0
Event: 2.664 Thread 0x00000000031b2800 DEOPT PACKING pc=0x0000000003a89ae0 sp=0x00000000031ad5c0
Event: 2.664 Thread 0x00000000031b2800 DEOPT UNPACKING pc=0x00000000032f583b sp=0x00000000031ad558 mode 2
Event: 2.664 Thread 0x00000000031b2800 Uncommon trap: trap_request=0xffffffc6 fr.pc=0x0000000003a89ae0
Event: 2.664 Thread 0x00000000031b2800 DEOPT PACKING pc=0x0000000003a89ae0 sp=0x00000000031ad820
Event: 2.664 Thread 0x00000000031b2800 DEOPT UNPACKING pc=0x00000000032f583b sp=0x00000000031ad7b8 mode 2
Event: 2.664 Executing VM operation: ParallelGCSystemGC


Dynamic libraries:
0x00007ff71e0b0000 - 0x00007ff71e0e7000 	C:\Program Files\Java\jdk1.8.0_181\bin\java.exe
0x00007ffcb27f0000 - 0x00007ffcb29e4000 	C:\WINDOWS\SYSTEM32\ntdll.dll
0x00007ffcb0850000 - 0x00007ffcb090d000 	C:\WINDOWS\System32\KERNEL32.DLL
0x00007ffcb0020000 - 0x00007ffcb02e7000 	C:\WINDOWS\System32\KERNELBASE.dll
0x00007ffcb1f50000 - 0x00007ffcb1ffa000 	C:\WINDOWS\System32\ADVAPI32.dll
0x00007ffcb2260000 - 0x00007ffcb22fe000 	C:\WINDOWS\System32\msvcrt.dll
0x00007ffcb0f90000 - 0x00007ffcb102b000 	C:\WINDOWS\System32\sechost.dll
0x00007ffcb0e60000 - 0x00007ffcb0f83000 	C:\WINDOWS\System32\RPCRT4.dll
0x00007ffcb1240000 - 0x00007ffcb13e0000 	C:\WINDOWS\System32\USER32.dll
0x00007ffcb0450000 - 0x00007ffcb0472000 	C:\WINDOWS\System32\win32u.dll
0x00007ffcb1650000 - 0x00007ffcb167a000 	C:\WINDOWS\System32\GDI32.dll
0x00007ffcb0480000 - 0x00007ffcb058a000 	C:\WINDOWS\System32\gdi32full.dll
0x00007ffcaff30000 - 0x00007ffcaffcd000 	C:\WINDOWS\System32\msvcp_win.dll
0x00007ffcb0350000 - 0x00007ffcb0450000 	C:\WINDOWS\System32\ucrtbase.dll
0x00007ffc91a70000 - 0x00007ffc91d0a000 	C:\WINDOWS\WinSxS\amd64_microsoft.windows.common-controls_6595b64144ccf1df_6.0.19033.1_none_b557e4d546831049\COMCTL32.dll
0x00007ffcb2780000 - 0x00007ffcb27b0000 	C:\WINDOWS\System32\IMM32.DLL
0x0000000058420000 - 0x00000000584f2000 	C:\Program Files\Java\jdk1.8.0_181\jre\bin\msvcr100.dll
0x0000000058500000 - 0x0000000058da2000 	C:\Program Files\Java\jdk1.8.0_181\jre\bin\server\jvm.dll
0x00007ffcb2770000 - 0x00007ffcb2778000 	C:\WINDOWS\System32\PSAPI.DLL
0x00007ffc8e680000 - 0x00007ffc8e689000 	C:\WINDOWS\SYSTEM32\WSOCK32.dll
0x00007ffcb1680000 - 0x00007ffcb16eb000 	C:\WINDOWS\System32\WS2_32.dll
0x00007ffca60f0000 - 0x00007ffca6117000 	C:\WINDOWS\SYSTEM32\WINMM.dll
0x00007ffca8450000 - 0x00007ffca845a000 	C:\WINDOWS\SYSTEM32\VERSION.dll
0x00000000583d0000 - 0x00000000583df000 	C:\Program Files\Java\jdk1.8.0_181\jre\bin\verify.dll
0x00000000583a0000 - 0x00000000583c9000 	C:\Program Files\Java\jdk1.8.0_181\jre\bin\java.dll
0x0000000058380000 - 0x0000000058396000 	C:\Program Files\Java\jdk1.8.0_181\jre\bin\zip.dll
0x00007ffcb16f0000 - 0x00007ffcb1e21000 	C:\WINDOWS\System32\SHELL32.dll
0x00007ffcae0e0000 - 0x00007ffcae86a000 	C:\WINDOWS\SYSTEM32\windows.storage.dll
0x00007ffcb0b00000 - 0x00007ffcb0e54000 	C:\WINDOWS\System32\combase.dll
0x00007ffcaf9b0000 - 0x00007ffcaf9db000 	C:\WINDOWS\SYSTEM32\Wldp.dll
0x00007ffcb2000000 - 0x00007ffcb20ae000 	C:\WINDOWS\System32\SHCORE.dll
0x00007ffcb09a0000 - 0x00007ffcb09f5000 	C:\WINDOWS\System32\shlwapi.dll
0x00007ffcafe70000 - 0x00007ffcafe8f000 	C:\WINDOWS\SYSTEM32\profapi.dll
0x0000000058360000 - 0x000000005837a000 	C:\Program Files\Java\jdk1.8.0_181\jre\bin\net.dll
0x00007ffcaf730000 - 0x00007ffcaf79a000 	C:\WINDOWS\system32\mswsock.dll
0x0000000058340000 - 0x0000000058351000 	C:\Program Files\Java\jdk1.8.0_181\jre\bin\nio.dll

VM Arguments:
jvm_args: -Dclassworlds.conf=C:\Program Files\NetBeans-11.1\netbeans\java\maven\bin\m2.conf -Dmaven.home=C:\Program Files\NetBeans-11.1\netbeans\java\maven -Dmaven.multiModuleProjectDirectory=C:\PR02 
java_command: org.codehaus.plexus.classworlds.launcher.Launcher -Dexec.args=-classpath %classpath com.mitienda.spring.StartApplication -Dexec.executable=C:\Program Files\Java\jdk1.8.0_181\bin\java.exe -Dmaven.ext.class.path=C:\Program Files\NetBeans-11.1\netbeans\java\maven-nblib\netbeans-eventspy.jar -Dfile.encoding=UTF-8 org.codehaus.mojo:exec-maven-plugin:1.5.0:exec
java_class_path (initial): C:\Program Files\NetBeans-11.1\netbeans\java\maven\boot\plexus-classworlds-2.5.2.jar
Launcher Type: SUN_STANDARD

Environment Variables:
JAVA_HOME=C:\Program Files\Java\jdk1.8.0_181
PATH=C:\WINDOWS\system32;C:\WINDOWS;C:\WINDOWS\System32\Wbem;C:\WINDOWS\System32\WindowsPowerShell\v1.0\;C:\WINDOWS\System32\OpenSSH\;C:\Program Files\Crucial\Crucial Storage Executive;C:\Program Files\PuTTY\;C:\Program Files (x86)\Common Files\Acronis\VirtualFile\;C:\Program Files (x86)\Common Files\Acronis\VirtualFile64\;C:\Program Files (x86)\Common Files\Acronis\FileProtector\;C:\Program Files (x86)\Common Files\Acronis\FileProtector64\;C:\Program Files (x86)\Common Files\Acronis\SnapAPI\;C:\Users\carlo\AppData\Local\Microsoft\WindowsApps;C:\Users\carlo\AppData\Local\GitHubDesktop\bin;C:\Users\carlo\AppData\Local\Microsoft\WindowsApps
USERNAME=Carlos
OS=Windows_NT
PROCESSOR_IDENTIFIER=AMD64 Family 23 Model 1 Stepping 1, AuthenticAMD



---------------  S Y S T E M  ---------------

OS: Windows 10.0 , 64 bit Build 19033 (10.0.19033.1)

CPU:total 16 (initial active 16) (16 cores per cpu, 1 threads per core) family 23 model 1 stepping 1, cmov, cx8, fxsr, mmx, sse, sse2, sse3, ssse3, sse4.1, sse4.2, popcnt, avx, avx2, aes, clmul, mmxext, 3dnowpref, lzcnt, sse4a, tsc, tscinvbit, tscinv, bmi1

Memory: 4k page, physical 16704736k(4259624k free), swap 16704736k(5436k free)

vm_info: Java HotSpot(TM) 64-Bit Server VM (25.181-b13) for windows-amd64 JRE (1.8.0_181-b13), built on Jul  7 2018 04:01:33 by "java_re" with MS VC++ 10.0 (VS2010)

time: Sun Dec 01 23:38:59 2019
elapsed time: 2 seconds (0d 0h 0m 2s)

