#
# There is insufficient memory for the Java Runtime Environment to continue.
# Native memory allocation (malloc) failed to allocate 906256 bytes for Chunk::new
# Possible reasons:
#   The system is out of physical RAM or swap space
#   In 32 bit mode, the process size limit was hit
# Possible solutions:
#   Reduce memory load on the system
#   Increase physical memory or swap space
#   Check if swap backing store is full
#   Use 64 bit Java on a 64 bit OS
#   Decrease Java heap size (-Xmx/-Xms)
#   Decrease number of Java threads
#   Decrease Java thread stack sizes (-Xss)
#   Set larger code cache with -XX:ReservedCodeCacheSize=
# This output file may be truncated or incomplete.
#
#  Out of Memory Error (allocation.cpp:390), pid=12808, tid=0x00000000000026f4
#
# JRE version: Java(TM) SE Runtime Environment (8.0_181-b13) (build 1.8.0_181-b13)
# Java VM: Java HotSpot(TM) 64-Bit Server VM (25.181-b13 mixed mode windows-amd64 compressed oops)
# Failed to write core dump. Minidumps are not enabled by default on client versions of Windows
#

---------------  T H R E A D  ---------------

Current thread (0x000000001e54f800):  JavaThread "C2 CompilerThread0" daemon [_thread_in_native, id=9972, stack(0x00000000201b0000,0x00000000202b0000)]

Stack: [0x00000000201b0000,0x00000000202b0000]
[error occurred during error reporting (printing stack bounds), id 0xc0000005]

Native frames: (J=compiled Java code, j=interpreted, Vv=VM code, C=native code)


Current CompileTask:
C2:   1876 2191       4       org.springframework.asm.Frame::execute (2305 bytes)


---------------  P R O C E S S  ---------------

Java Threads: ( => current thread )
  0x000000001e62d000 JavaThread "Service Thread" daemon [_thread_blocked, id=5980, stack(0x0000000020eb0000,0x0000000020fb0000)]
  0x000000001e58f000 JavaThread "C1 CompilerThread11" daemon [_thread_blocked, id=15016, stack(0x0000000020db0000,0x0000000020eb0000)]
  0x000000001e58d800 JavaThread "C1 CompilerThread10" daemon [_thread_blocked, id=5828, stack(0x0000000020cb0000,0x0000000020db0000)]
  0x000000001e592000 JavaThread "C1 CompilerThread9" daemon [_thread_blocked, id=16804, stack(0x0000000020bb0000,0x0000000020cb0000)]
  0x000000001e594800 JavaThread "C1 CompilerThread8" daemon [_thread_blocked, id=13408, stack(0x00000000209b0000,0x0000000020ab0000)]
  0x000000001e590800 JavaThread "C2 CompilerThread7" daemon [_thread_in_native, id=10224, stack(0x00000000208b0000,0x00000000209b0000)]
  0x000000001e593800 JavaThread "C2 CompilerThread6" daemon [_thread_in_native, id=3420, stack(0x00000000207b0000,0x00000000208b0000)]
  0x000000001e593000 JavaThread "C2 CompilerThread5" daemon [_thread_blocked, id=14112, stack(0x00000000206b0000,0x00000000207b0000)]
  0x000000001e590000 JavaThread "C2 CompilerThread4" daemon [_thread_blocked, id=17392, stack(0x00000000205b0000,0x00000000206b0000)]
  0x000000001e561000 JavaThread "C2 CompilerThread3" daemon [_thread_blocked, id=10748, stack(0x00000000204b0000,0x00000000205b0000)]
  0x000000001e556000 JavaThread "C2 CompilerThread2" daemon [_thread_blocked, id=6868, stack(0x00000000203b0000,0x00000000204b0000)]
  0x000000001e551000 JavaThread "C2 CompilerThread1" daemon [_thread_blocked, id=2912, stack(0x00000000202b0000,0x00000000203b0000)]
=>0x000000001e54f800 JavaThread "C2 CompilerThread0" daemon [_thread_in_native, id=9972, stack(0x00000000201b0000,0x00000000202b0000)]
  0x000000001e54f000 JavaThread "Attach Listener" daemon [_thread_blocked, id=16756, stack(0x00000000200b0000,0x00000000201b0000)]
  0x000000001e54b800 JavaThread "Signal Dispatcher" daemon [_thread_blocked, id=5148, stack(0x000000001ffb0000,0x00000000200b0000)]
  0x000000001cac8000 JavaThread "Finalizer" daemon [_thread_blocked, id=13200, stack(0x000000001fd90000,0x000000001fe90000)]
  0x000000001cac0800 JavaThread "Reference Handler" daemon [_thread_blocked, id=2264, stack(0x000000001fc90000,0x000000001fd90000)]
  0x0000000002973800 JavaThread "main" [_thread_in_Java, id=7000, stack(0x00000000027d0000,0x00000000028d0000)]

Other Threads:
  0x000000001e515800 VMThread [stack: 0x000000001fb90000,0x000000001fc90000] [id=10840]
  0x000000001e63c000 WatcherThread [stack: 0x0000000020fb0000,0x00000000210b0000] [id=11652]

VM state:not at safepoint (normal execution)

VM Mutex/Monitor currently owned by a thread: None

Heap:
 PSYoungGen      total 76288K, used 55269K [0x000000076b000000, 0x0000000771800000, 0x00000007c0000000)
  eden space 65536K, 76% used [0x000000076b000000,0x000000076e137300,0x000000076f000000)
  from space 10752K, 45% used [0x000000076fa80000,0x000000076ff423f0,0x0000000770500000)
  to   space 10752K, 0% used [0x000000076f000000,0x000000076f000000,0x000000076fa80000)
 ParOldGen       total 120832K, used 5179K [0x00000006c1000000, 0x00000006c8600000, 0x000000076b000000)
  object space 120832K, 4% used [0x00000006c1000000,0x00000006c150edb0,0x00000006c8600000)
 Metaspace       used 18333K, capacity 19322K, committed 19584K, reserved 1071104K
  class space    used 2358K, capacity 2567K, committed 2688K, reserved 1048576K

Card table byte_map: [0x0000000011f00000,0x0000000012700000] byte_map_base: 0x000000000e8f8000

Marking Bits: (ParMarkBitMap*) 0x000000005a262d00
 Begin Bits: [0x0000000013950000, 0x0000000017910000)
 End Bits:   [0x0000000017910000, 0x000000001b8d0000)

Polling page: 0x0000000000910000

CodeCache: size=245760Kb used=10028Kb max_used=10040Kb free=235731Kb
 bounds [0x0000000002b40000, 0x0000000003520000, 0x0000000011b40000]
 total_blobs=2848 nmethods=2491 adapters=267
 compilation: enabled

Compilation events (10 events):
Event: 1.866 Thread 0x000000001e58f000 nmethod 2480 0x00000000034fc510 code [0x00000000034fc680, 0x00000000034fc908]
Event: 1.866 Thread 0x000000001e58d800 nmethod 2479 0x00000000034f5950 code [0x00000000034f5ae0, 0x00000000034f5ef8]
Event: 1.867 Thread 0x000000001e594800 nmethod 2478 0x00000000034f4e50 code [0x00000000034f5000, 0x00000000034f56b8]
Event: 1.867 Thread 0x000000001e592000 nmethod 2477 0x0000000003505450 code [0x0000000003505640, 0x0000000003505f58]
Event: 1.868 Thread 0x000000001e58f000 2481       3       java.lang.reflect.Constructor::acquireConstructorAccessor (44 bytes)
Event: 1.869 Thread 0x000000001e58f000 nmethod 2481 0x0000000003504a90 code [0x0000000003504c20, 0x0000000003505298]
Event: 1.871 Thread 0x000000001e58d800 2482       3       java.util.regex.Pattern$Node::<init> (12 bytes)
Event: 1.871 Thread 0x000000001e58d800 nmethod 2482 0x00000000034fc110 code [0x00000000034fc280, 0x00000000034fc450]
Event: 1.873 Thread 0x000000001e594800 2483       3       org.springframework.boot.context.properties.bind.JavaBeanBinder$Bean::addMethodIfPossible (75 bytes)
Event: 1.873 Thread 0x000000001e592000 2484       3       java.util.regex.Pattern$Start::match (90 bytes)

GC Heap History (6 events):
Event: 0.839 GC heap before
{Heap before GC invocations=1 (full 0):
 PSYoungGen      total 76288K, used 41969K [0x000000076b000000, 0x0000000770500000, 0x00000007c0000000)
  eden space 65536K, 64% used [0x000000076b000000,0x000000076d8fc458,0x000000076f000000)
  from space 10752K, 0% used [0x000000076fa80000,0x000000076fa80000,0x0000000770500000)
  to   space 10752K, 0% used [0x000000076f000000,0x000000076f000000,0x000000076fa80000)
 ParOldGen       total 175104K, used 0K [0x00000006c1000000, 0x00000006cbb00000, 0x000000076b000000)
  object space 175104K, 0% used [0x00000006c1000000,0x00000006c1000000,0x00000006cbb00000)
 Metaspace       used 10701K, capacity 11108K, committed 11264K, reserved 1064960K
  class space    used 1329K, capacity 1444K, committed 1536K, reserved 1048576K
Event: 0.844 GC heap after
Heap after GC invocations=1 (full 0):
 PSYoungGen      total 76288K, used 5499K [0x000000076b000000, 0x0000000770500000, 0x00000007c0000000)
  eden space 65536K, 0% used [0x000000076b000000,0x000000076b000000,0x000000076f000000)
  from space 10752K, 51% used [0x000000076f000000,0x000000076f55ed08,0x000000076fa80000)
  to   space 10752K, 0% used [0x000000076fa80000,0x000000076fa80000,0x0000000770500000)
 ParOldGen       total 175104K, used 16K [0x00000006c1000000, 0x00000006cbb00000, 0x000000076b000000)
  object space 175104K, 0% used [0x00000006c1000000,0x00000006c1004000,0x00000006cbb00000)
 Metaspace       used 10701K, capacity 11108K, committed 11264K, reserved 1064960K
  class space    used 1329K, capacity 1444K, committed 1536K, reserved 1048576K
}
Event: 0.844 GC heap before
{Heap before GC invocations=2 (full 1):
 PSYoungGen      total 76288K, used 5499K [0x000000076b000000, 0x0000000770500000, 0x00000007c0000000)
  eden space 65536K, 0% used [0x000000076b000000,0x000000076b000000,0x000000076f000000)
  from space 10752K, 51% used [0x000000076f000000,0x000000076f55ed08,0x000000076fa80000)
  to   space 10752K, 0% used [0x000000076fa80000,0x000000076fa80000,0x0000000770500000)
 ParOldGen       total 175104K, used 16K [0x00000006c1000000, 0x00000006cbb00000, 0x000000076b000000)
  object space 175104K, 0% used [0x00000006c1000000,0x00000006c1004000,0x00000006cbb00000)
 Metaspace       used 10701K, capacity 11108K, committed 11264K, reserved 1064960K
  class space    used 1329K, capacity 1444K, committed 1536K, reserved 1048576K
Event: 0.859 GC heap after
Heap after GC invocations=2 (full 1):
 PSYoungGen      total 76288K, used 0K [0x000000076b000000, 0x0000000770500000, 0x00000007c0000000)
  eden space 65536K, 0% used [0x000000076b000000,0x000000076b000000,0x000000076f000000)
  from space 10752K, 0% used [0x000000076f000000,0x000000076f000000,0x000000076fa80000)
  to   space 10752K, 0% used [0x000000076fa80000,0x000000076fa80000,0x0000000770500000)
 ParOldGen       total 120832K, used 5171K [0x00000006c1000000, 0x00000006c8600000, 0x000000076b000000)
  object space 120832K, 4% used [0x00000006c1000000,0x00000006c150cdb0,0x00000006c8600000)
 Metaspace       used 10699K, capacity 11102K, committed 11264K, reserved 1062912K
  class space    used 1328K, capacity 1443K, committed 1536K, reserved 1048576K
}
Event: 1.278 GC heap before
{Heap before GC invocations=3 (full 1):
 PSYoungGen      total 76288K, used 65524K [0x000000076b000000, 0x0000000770500000, 0x00000007c0000000)
  eden space 65536K, 99% used [0x000000076b000000,0x000000076effd2a8,0x000000076f000000)
  from space 10752K, 0% used [0x000000076f000000,0x000000076f000000,0x000000076fa80000)
  to   space 10752K, 0% used [0x000000076fa80000,0x000000076fa80000,0x0000000770500000)
 ParOldGen       total 120832K, used 5171K [0x00000006c1000000, 0x00000006c8600000, 0x000000076b000000)
  object space 120832K, 4% used [0x00000006c1000000,0x00000006c150cdb0,0x00000006c8600000)
 Metaspace       used 14418K, capacity 14966K, committed 15104K, reserved 1064960K
  class space    used 1804K, capacity 1947K, committed 2048K, reserved 1048576K
Event: 1.282 GC heap after
Heap after GC invocations=3 (full 1):
 PSYoungGen      total 76288K, used 4872K [0x000000076b000000, 0x0000000771800000, 0x00000007c0000000)
  eden space 65536K, 0% used [0x000000076b000000,0x000000076b000000,0x000000076f000000)
  from space 10752K, 45% used [0x000000076fa80000,0x000000076ff423f0,0x0000000770500000)
  to   space 10752K, 0% used [0x000000076f000000,0x000000076f000000,0x000000076fa80000)
 ParOldGen       total 120832K, used 5179K [0x00000006c1000000, 0x00000006c8600000, 0x000000076b000000)
  object space 120832K, 4% used [0x00000006c1000000,0x00000006c150edb0,0x00000006c8600000)
 Metaspace       used 14418K, capacity 14966K, committed 15104K, reserved 1064960K
  class space    used 1804K, capacity 1947K, committed 2048K, reserved 1048576K
}

Deoptimization events (10 events):
Event: 1.645 Thread 0x0000000002973800 Uncommon trap: reason=unstable_if action=reinterpret pc=0x0000000003139674 method=java.util.concurrent.ConcurrentHashMap.putVal(Ljava/lang/Object;Ljava/lang/Object;Z)Ljava/lang/Object; @ 206
Event: 1.783 Thread 0x0000000002973800 Uncommon trap: reason=class_check action=maybe_recompile pc=0x00000000030b1498 method=java.util.HashMap.putVal(ILjava/lang/Object;Ljava/lang/Object;ZZ)Ljava/lang/Object; @ 203
Event: 1.784 Thread 0x0000000002973800 Uncommon trap: reason=class_check action=maybe_recompile pc=0x00000000030b1498 method=java.util.HashMap.putVal(ILjava/lang/Object;Ljava/lang/Object;ZZ)Ljava/lang/Object; @ 203
Event: 1.785 Thread 0x0000000002973800 Uncommon trap: reason=class_check action=maybe_recompile pc=0x00000000030b1498 method=java.util.HashMap.putVal(ILjava/lang/Object;Ljava/lang/Object;ZZ)Ljava/lang/Object; @ 203
Event: 1.801 Thread 0x0000000002973800 Uncommon trap: reason=bimorphic action=maybe_recompile pc=0x000000000348f1a8 method=java.util.HashMap.putVal(ILjava/lang/Object;Ljava/lang/Object;ZZ)Ljava/lang/Object; @ 253
Event: 1.801 Thread 0x0000000002973800 Uncommon trap: reason=bimorphic action=maybe_recompile pc=0x000000000348f1a8 method=java.util.HashMap.putVal(ILjava/lang/Object;Ljava/lang/Object;ZZ)Ljava/lang/Object; @ 253
Event: 1.818 Thread 0x0000000002973800 Uncommon trap: reason=unstable_if action=reinterpret pc=0x000000000349065c method=org.springframework.util.ConcurrentReferenceHashMap$Segment.findInChain(Lorg/springframework/util/ConcurrentReferenceHashMap$Reference;Ljava/lang/Object;I)Lorg/springframewo
Event: 1.818 Thread 0x0000000002973800 Uncommon trap: reason=unstable_if action=reinterpret pc=0x000000000348e13c method=org.springframework.util.ConcurrentReferenceHashMap$Segment.findInChain(Lorg/springframework/util/ConcurrentReferenceHashMap$Reference;Ljava/lang/Object;I)Lorg/springframewo
Event: 1.838 Thread 0x0000000002973800 Uncommon trap: reason=null_check action=make_not_entrant pc=0x000000000348d854 method=org.springframework.beans.factory.support.DefaultListableBeanFactory.getBeanDefinition(Ljava/lang/String;)Lorg/springframework/beans/factory/config/BeanDefinition; @ 10
Event: 1.850 Thread 0x0000000002973800 Uncommon trap: reason=unstable_if action=reinterpret pc=0x000000000346a890 method=org.springframework.boot.context.properties.source.ConfigurationPropertyName$Elements.charAt(II)C @ 13

Classes redefined (0 events):
No events

Internal exceptions (10 events):
Event: 1.795 Thread 0x0000000002973800 Exception <a 'java/lang/ClassNotFoundException': org/springframework/transaction/annotation/ProxyTransactionManagementConfigurationCustomizer> (0x000000076d9c4c88) thrown at [C:\re\workspace\8-2-build-windows-amd64-cygwin\jdk8u181\11358\hotspot\src\share\
Event: 1.796 Thread 0x0000000002973800 Exception <a 'java/lang/ClassNotFoundException': org/springframework/transaction/annotation/ProxyTransactionManagementConfiguration$$EnhancerBySpringCGLIB$$f88a37e0Customizer> (0x000000076d9deb70) thrown at [C:\re\workspace\8-2-build-windows-amd64-cygwin\
Event: 1.796 Thread 0x0000000002973800 Exception <a 'java/lang/ClassNotFoundException': org/springframework/context/annotation/ConfigurationClassEnhancer$EnhancedConfigurationCustomizer> (0x000000076d9fc808) thrown at [C:\re\workspace\8-2-build-windows-amd64-cygwin\jdk8u181\11358\hotspot\src\s
Event: 1.797 Thread 0x0000000002973800 Exception <a 'java/lang/ClassNotFoundException': org/springframework/beans/factory/BeanFactoryAwareCustomizer> (0x000000076da09f90) thrown at [C:\re\workspace\8-2-build-windows-amd64-cygwin\jdk8u181\11358\hotspot\src\share\vm\classfile\systemDictionary.cp
Event: 1.797 Thread 0x0000000002973800 Exception <a 'java/lang/ClassNotFoundException': org/springframework/beans/factory/AwareCustomizer> (0x000000076da16f90) thrown at [C:\re\workspace\8-2-build-windows-amd64-cygwin\jdk8u181\11358\hotspot\src\share\vm\classfile\systemDictionary.cpp, line 210
Event: 1.797 Thread 0x0000000002973800 Exception <a 'java/lang/ClassNotFoundException': org/springframework/context/annotation/ImportAwareCustomizer> (0x000000076da24560) thrown at [C:\re\workspace\8-2-build-windows-amd64-cygwin\jdk8u181\11358\hotspot\src\share\vm\classfile\systemDictionary.cp
Event: 1.798 Thread 0x0000000002973800 Exception <a 'java/lang/ClassNotFoundException': org/springframework/beans/factory/AwareCustomizer> (0x000000076da31148) thrown at [C:\re\workspace\8-2-build-windows-amd64-cygwin\jdk8u181\11358\hotspot\src\share\vm\classfile\systemDictionary.cpp, line 210
Event: 1.838 Thread 0x0000000002973800 Implicit null exception at 0x000000000348d6f7 to 0x000000000348d849
Event: 1.850 Thread 0x0000000002973800 Implicit null exception at 0x000000000346a719 to 0x000000000346a875
Event: 1.869 Thread 0x0000000002973800 Exception <a 'java/lang/NoSuchMethodError': java.lang.Object.lambda$static$0(Ljava/lang/Object;)Ljava/lang/Object;> (0x000000076dfbee08) thrown at [C:\re\workspace\8-2-build-windows-amd64-cygwin\jdk8u181\11358\hotspot\src\share\vm\interpreter\linkResolver

Events (10 events):
Event: 1.870 loading class java/io/PrintWriter
Event: 1.870 loading class java/io/PrintWriter done
Event: 1.870 loading class com/zaxxer/hikari/metrics/MetricsTrackerFactory
Event: 1.870 loading class com/zaxxer/hikari/metrics/MetricsTrackerFactory done
Event: 1.871 loading class com/zaxxer/hikari/pool/HikariPool
Event: 1.871 loading class com/zaxxer/hikari/pool/HikariPool done
Event: 1.872 loading class com/zaxxer/hikari/util/ConcurrentBag$IBagStateListener
Event: 1.872 loading class com/zaxxer/hikari/util/ConcurrentBag$IBagStateListener done
Event: 1.872 loading class com/zaxxer/hikari/pool/PoolBase
Event: 1.872 loading class com/zaxxer/hikari/pool/PoolBase done


Dynamic libraries:
0x00007ff6f0a40000 - 0x00007ff6f0a77000 	C:\Program Files\Java\jdk1.8.0_181\bin\java.exe
0x00007ffcb27f0000 - 0x00007ffcb29e4000 	C:\WINDOWS\SYSTEM32\ntdll.dll
0x00007ffcb0850000 - 0x00007ffcb090d000 	C:\WINDOWS\System32\KERNEL32.DLL
0x00007ffcb0020000 - 0x00007ffcb02e7000 	C:\WINDOWS\System32\KERNELBASE.dll
0x00007ffcb1f50000 - 0x00007ffcb1ffa000 	C:\WINDOWS\System32\ADVAPI32.dll
0x00007ffcb2260000 - 0x00007ffcb22fe000 	C:\WINDOWS\System32\msvcrt.dll
0x00007ffcb0f90000 - 0x00007ffcb102b000 	C:\WINDOWS\System32\sechost.dll
0x00007ffcb0e60000 - 0x00007ffcb0f83000 	C:\WINDOWS\System32\RPCRT4.dll
0x00007ffcb1240000 - 0x00007ffcb13e0000 	C:\WINDOWS\System32\USER32.dll
0x00007ffcb0450000 - 0x00007ffcb0472000 	C:\WINDOWS\System32\win32u.dll
0x00007ffcb1650000 - 0x00007ffcb167a000 	C:\WINDOWS\System32\GDI32.dll
0x00007ffcb0480000 - 0x00007ffcb058a000 	C:\WINDOWS\System32\gdi32full.dll
0x00007ffcaff30000 - 0x00007ffcaffcd000 	C:\WINDOWS\System32\msvcp_win.dll
0x00007ffcb0350000 - 0x00007ffcb0450000 	C:\WINDOWS\System32\ucrtbase.dll
0x00007ffc91a70000 - 0x00007ffc91d0a000 	C:\WINDOWS\WinSxS\amd64_microsoft.windows.common-controls_6595b64144ccf1df_6.0.19033.1_none_b557e4d546831049\COMCTL32.dll
0x00007ffcb2780000 - 0x00007ffcb27b0000 	C:\WINDOWS\System32\IMM32.DLL
0x00000000596c0000 - 0x0000000059792000 	C:\Program Files\Java\jdk1.8.0_181\jre\bin\msvcr100.dll
0x0000000059a40000 - 0x000000005a2e2000 	C:\Program Files\Java\jdk1.8.0_181\jre\bin\server\jvm.dll
0x00007ffcb2770000 - 0x00007ffcb2778000 	C:\WINDOWS\System32\PSAPI.DLL
0x00007ffc81130000 - 0x00007ffc81139000 	C:\WINDOWS\SYSTEM32\WSOCK32.dll
0x00007ffca8450000 - 0x00007ffca845a000 	C:\WINDOWS\SYSTEM32\VERSION.dll
0x00007ffcb1680000 - 0x00007ffcb16eb000 	C:\WINDOWS\System32\WS2_32.dll
0x00007ffca60f0000 - 0x00007ffca6117000 	C:\WINDOWS\SYSTEM32\WINMM.dll
0x0000000059950000 - 0x000000005995f000 	C:\Program Files\Java\jdk1.8.0_181\jre\bin\verify.dll
0x0000000059920000 - 0x0000000059949000 	C:\Program Files\Java\jdk1.8.0_181\jre\bin\java.dll
0x0000000059900000 - 0x0000000059916000 	C:\Program Files\Java\jdk1.8.0_181\jre\bin\zip.dll
0x00007ffcb16f0000 - 0x00007ffcb1e21000 	C:\WINDOWS\System32\SHELL32.dll
0x00007ffcae0e0000 - 0x00007ffcae86a000 	C:\WINDOWS\SYSTEM32\windows.storage.dll
0x00007ffcb0b00000 - 0x00007ffcb0e54000 	C:\WINDOWS\System32\combase.dll
0x00007ffcaf9b0000 - 0x00007ffcaf9db000 	C:\WINDOWS\SYSTEM32\Wldp.dll
0x00007ffcb2000000 - 0x00007ffcb20ae000 	C:\WINDOWS\System32\SHCORE.dll
0x00007ffcb09a0000 - 0x00007ffcb09f5000 	C:\WINDOWS\System32\shlwapi.dll
0x00007ffcafe70000 - 0x00007ffcafe8f000 	C:\WINDOWS\SYSTEM32\profapi.dll
0x0000000059880000 - 0x000000005988d000 	C:\Program Files\Java\jdk1.8.0_181\jre\bin\management.dll
0x00000000598e0000 - 0x00000000598fa000 	C:\Program Files\Java\jdk1.8.0_181\jre\bin\net.dll
0x00007ffcaf730000 - 0x00007ffcaf79a000 	C:\WINDOWS\system32\mswsock.dll
0x00007ffc917b0000 - 0x00007ffc917c7000 	C:\WINDOWS\system32\napinsp.dll
0x00007ffc91850000 - 0x00007ffc9186b000 	C:\WINDOWS\system32\pnrpnsp.dll
0x00007ffc91830000 - 0x00007ffc91845000 	C:\WINDOWS\system32\wshbth.dll
0x00007ffcaba50000 - 0x00007ffcaba6d000 	C:\WINDOWS\system32\NLAapi.dll
0x00007ffcaf3d0000 - 0x00007ffcaf40b000 	C:\WINDOWS\SYSTEM32\IPHLPAPI.DLL
0x00007ffcaf420000 - 0x00007ffcaf4ea000 	C:\WINDOWS\SYSTEM32\DNSAPI.dll
0x00007ffcb1640000 - 0x00007ffcb1649000 	C:\WINDOWS\System32\NSI.dll
0x00007ffc91870000 - 0x00007ffc91882000 	C:\WINDOWS\System32\winrnr.dll
0x00007ffca80f0000 - 0x00007ffca80fa000 	C:\Windows\System32\rasadhlp.dll
0x00007ffca6370000 - 0x00007ffca63ef000 	C:\WINDOWS\System32\fwpuclnt.dll
0x00007ffcb0770000 - 0x00007ffcb0797000 	C:\WINDOWS\System32\bcrypt.dll
0x00000000598c0000 - 0x00000000598d1000 	C:\Program Files\Java\jdk1.8.0_181\jre\bin\nio.dll

VM Arguments:
java_command: com.mitienda.spring.StartApplication
java_class_path (initial): C:\PR02\target\classes;C:\Users\carlo\.m2\repository\org\springframework\boot\spring-boot-starter-data-jpa\2.1.2.RELEASE\spring-boot-starter-data-jpa-2.1.2.RELEASE.jar;C:\Users\carlo\.m2\repository\org\springframework\boot\spring-boot-starter-aop\2.1.2.RELEASE\spring-boot-starter-aop-2.1.2.RELEASE.jar;C:\Users\carlo\.m2\repository\org\springframework\spring-aop\5.1.4.RELEASE\spring-aop-5.1.4.RELEASE.jar;C:\Users\carlo\.m2\repository\org\aspectj\aspectjweaver\1.9.2\aspectjweaver-1.9.2.jar;C:\Users\carlo\.m2\repository\org\springframework\boot\spring-boot-starter-jdbc\2.1.2.RELEASE\spring-boot-starter-jdbc-2.1.2.RELEASE.jar;C:\Users\carlo\.m2\repository\com\zaxxer\HikariCP\3.2.0\HikariCP-3.2.0.jar;C:\Users\carlo\.m2\repository\org\springframework\spring-jdbc\5.1.4.RELEASE\spring-jdbc-5.1.4.RELEASE.jar;C:\Users\carlo\.m2\repository\javax\transaction\javax.transaction-api\1.3\javax.transaction-api-1.3.jar;C:\Users\carlo\.m2\repository\javax\xml\bind\jaxb-api\2.3.1\jaxb-api-2.3.1.jar;C:\Users\carlo\.m2\repository\javax\activation\javax.activation-api\1.2.0\javax.activation-api-1.2.0.jar;C:\Users\carlo\.m2\repository\org\hibernate\hibernate-core\5.3.7.Final\hibernate-core-5.3.7.Final.jar;C:\Users\carlo\.m2\repository\org\jboss\logging\jboss-logging\3.3.2.Final\jboss-logging-3.3.2.Final.jar;C:\Users\carlo\.m2\repository\javax\persistence\javax.persistence-api\2.2\javax.persistence-api-2.2.jar;C:\Users\carlo\.m2\repository\org\javassist\javassist\3.23.1-GA\javassist-3.23.1-GA.jar;C:\Users\carlo\.m2\repository\net\bytebuddy\byte-buddy\1.9.7\byte-buddy-1.9.7.jar;C:\Users\carlo\.m2\repository\antlr\antlr\2.7.7\antlr-2.7.7.jar;C:\Users\carlo\.m2\repository\org\jboss\jandex\2.0.5.Final\jandex-2.0.5.Final.jar;C:\Users\carlo\.m2\repository\com\fasterxml\classmate\1.4.0\classmate-1.4.0.jar;C:\Users\carlo\.m2\repository\org\dom4j\dom4j\2.1.1\dom4j-2.1.1.jar;C:\Users\carlo\.m2\repository\org\hibernate\common\hibernate-commons-annotations\5.0.4.Final\hiber
Launcher Type: SUN_STANDARD

Environment Variables:
JAVA_HOME=C:\Program Files\Java\jdk1.8.0_181
PATH=C:\WINDOWS\system32;C:\WINDOWS;C:\WINDOWS\System32\Wbem;C:\WINDOWS\System32\WindowsPowerShell\v1.0\;C:\WINDOWS\System32\OpenSSH\;C:\Program Files\Crucial\Crucial Storage Executive;C:\Program Files\PuTTY\;C:\Program Files (x86)\Common Files\Acronis\VirtualFile\;C:\Program Files (x86)\Common Files\Acronis\VirtualFile64\;C:\Program Files (x86)\Common Files\Acronis\FileProtector\;C:\Program Files (x86)\Common Files\Acronis\FileProtector64\;C:\Program Files (x86)\Common Files\Acronis\SnapAPI\;C:\Users\carlo\AppData\Local\Microsoft\WindowsApps;C:\Users\carlo\AppData\Local\Programs\Microsoft VS Code\bin;C:\Users\carlo\AppData\Local\GitHubDesktop\bin;%USERPROFILE%\AppData\Local\Microsoft\WindowsApps;
USERNAME=Carlos
OS=Windows_NT
PROCESSOR_IDENTIFIER=AMD64 Family 23 Model 1 Stepping 1, AuthenticAMD



---------------  S Y S T E M  ---------------

OS: Windows 10.0 , 64 bit Build 19033 (10.0.19033.1)

CPU:total 16 (initial active 16) (16 cores per cpu, 1 threads per core) family 23 model 1 stepping 1, cmov, cx8, fxsr, mmx, sse, sse2, sse3, ssse3, sse4.1, sse4.2, popcnt, avx, avx2, aes, clmul, mmxext, 3dnowpref, lzcnt, sse4a, tsc, tscinvbit, tscinv, bmi1

Memory: 4k page, physical 16704736k(6072076k free), swap 16704736k(5232k free)

vm_info: Java HotSpot(TM) 64-Bit Server VM (25.181-b13) for windows-amd64 JRE (1.8.0_181-b13), built on Jul  7 2018 04:01:33 by "java_re" with MS VC++ 10.0 (VS2010)

time: Fri Nov 29 22:44:34 2019
elapsed time: 1 seconds (0d 0h 0m 1s)

