#
# There is insufficient memory for the Java Runtime Environment to continue.
# Native memory allocation (malloc) failed to allocate 764976 bytes for Chunk::new
# Possible reasons:
#   The system is out of physical RAM or swap space
#   In 32 bit mode, the process size limit was hit
# Possible solutions:
#   Reduce memory load on the system
#   Increase physical memory or swap space
#   Check if swap backing store is full
#   Use 64 bit Java on a 64 bit OS
#   Decrease Java heap size (-Xmx/-Xms)
#   Decrease number of Java threads
#   Decrease Java thread stack sizes (-Xss)
#   Set larger code cache with -XX:ReservedCodeCacheSize=
# This output file may be truncated or incomplete.
#
#  Out of Memory Error (allocation.cpp:390), pid=14608, tid=0x00000000000007d8
#
# JRE version: Java(TM) SE Runtime Environment (8.0_181-b13) (build 1.8.0_181-b13)
# Java VM: Java HotSpot(TM) 64-Bit Server VM (25.181-b13 mixed mode windows-amd64 compressed oops)
# Failed to write core dump. Minidumps are not enabled by default on client versions of Windows
#

---------------  T H R E A D  ---------------

Current thread (0x000000001e356000):  JavaThread "C2 CompilerThread3" daemon [_thread_in_native, id=2008, stack(0x00000000202c0000,0x00000000203c0000)]

Stack: [0x00000000202c0000,0x00000000203c0000]
[error occurred during error reporting (printing stack bounds), id 0xc0000005]

Native frames: (J=compiled Java code, j=interpreted, Vv=VM code, C=native code)


Current CompileTask:
C2:   2662 3233   !   4       java.net.URLClassLoader$1::run (63 bytes)


---------------  P R O C E S S  ---------------

Java Threads: ( => current thread )
  0x00000000230de800 JavaThread "Exec Input Stream Pumper" daemon [_thread_blocked, id=12688, stack(0x0000000026fd0000,0x00000000270d0000)]
  0x000000002555d800 JavaThread "Exec Stream Pumper" daemon [_thread_in_native, id=12120, stack(0x0000000026ed0000,0x0000000026fd0000)]
  0x0000000022480000 JavaThread "Exec Stream Pumper" daemon [_thread_in_native, id=16208, stack(0x0000000026dd0000,0x0000000026ed0000)]
  0x000000001e436800 JavaThread "Service Thread" daemon [_thread_blocked, id=1448, stack(0x0000000020cc0000,0x0000000020dc0000)]
  0x000000001e3b3800 JavaThread "C1 CompilerThread11" daemon [_thread_blocked, id=17728, stack(0x0000000020bc0000,0x0000000020cc0000)]
  0x000000001e3b1000 JavaThread "C1 CompilerThread10" daemon [_thread_blocked, id=8784, stack(0x0000000020ac0000,0x0000000020bc0000)]
  0x000000001e3b2800 JavaThread "C1 CompilerThread9" daemon [_thread_blocked, id=13060, stack(0x00000000208c0000,0x00000000209c0000)]
  0x000000001e3b4000 JavaThread "C1 CompilerThread8" daemon [_thread_blocked, id=5920, stack(0x00000000207c0000,0x00000000208c0000)]
  0x000000001e3b2000 JavaThread "C2 CompilerThread7" daemon [_thread_blocked, id=17172, stack(0x00000000206c0000,0x00000000207c0000)]
  0x000000001e3b6800 JavaThread "C2 CompilerThread6" daemon [_thread_in_native, id=5780, stack(0x00000000205c0000,0x00000000206c0000)]
  0x000000001e3b5000 JavaThread "C2 CompilerThread5" daemon [_thread_blocked, id=17932, stack(0x00000000204c0000,0x00000000205c0000)]
  0x000000001e386800 JavaThread "C2 CompilerThread4" daemon [_thread_blocked, id=15576, stack(0x00000000203c0000,0x00000000204c0000)]
=>0x000000001e356000 JavaThread "C2 CompilerThread3" daemon [_thread_in_native, id=2008, stack(0x00000000202c0000,0x00000000203c0000)]
  0x000000001e353000 JavaThread "C2 CompilerThread2" daemon [_thread_blocked, id=17200, stack(0x00000000201c0000,0x00000000202c0000)]
  0x000000001e34e000 JavaThread "C2 CompilerThread1" daemon [_thread_blocked, id=17276, stack(0x00000000200c0000,0x00000000201c0000)]
  0x000000001e34b800 JavaThread "C2 CompilerThread0" daemon [_thread_blocked, id=10628, stack(0x000000001ffc0000,0x00000000200c0000)]
  0x000000001e34a800 JavaThread "Attach Listener" daemon [_thread_blocked, id=12696, stack(0x000000001fec0000,0x000000001ffc0000)]
  0x000000001e346000 JavaThread "Signal Dispatcher" daemon [_thread_blocked, id=17012, stack(0x000000001fdc0000,0x000000001fec0000)]
  0x000000001e336000 JavaThread "Finalizer" daemon [_thread_blocked, id=17752, stack(0x000000001fba0000,0x000000001fca0000)]
  0x000000001c8cf800 JavaThread "Reference Handler" daemon [_thread_blocked, id=10276, stack(0x000000001faa0000,0x000000001fba0000)]
  0x0000000002852800 JavaThread "main" [_thread_in_native, id=13336, stack(0x0000000002750000,0x0000000002850000)]

Other Threads:
  0x000000001e314000 VMThread [stack: 0x000000001f9a0000,0x000000001faa0000] [id=16920]
  0x000000001e42a000 WatcherThread [stack: 0x0000000020dc0000,0x0000000020ec0000] [id=16936]

VM state:not at safepoint (normal execution)

VM Mutex/Monitor currently owned by a thread: None

Heap:
 PSYoungGen      total 76288K, used 33091K [0x000000076b000000, 0x0000000774500000, 0x00000007c0000000)
  eden space 65536K, 34% used [0x000000076b000000,0x000000076c5d8f70,0x000000076f000000)
  from space 10752K, 99% used [0x000000076f000000,0x000000076fa78020,0x000000076fa80000)
  to   space 10752K, 0% used [0x0000000773a80000,0x0000000773a80000,0x0000000774500000)
 ParOldGen       total 175104K, used 5468K [0x00000006c1000000, 0x00000006cbb00000, 0x000000076b000000)
  object space 175104K, 3% used [0x00000006c1000000,0x00000006c1557128,0x00000006cbb00000)
 Metaspace       used 16436K, capacity 16858K, committed 17024K, reserved 1064960K
  class space    used 1953K, capacity 2060K, committed 2176K, reserved 1048576K

Card table byte_map: [0x0000000011d10000,0x0000000012510000] byte_map_base: 0x000000000e708000

Marking Bits: (ParMarkBitMap*) 0x0000000058d22d00
 Begin Bits: [0x0000000013760000, 0x0000000017720000)
 End Bits:   [0x0000000017720000, 0x000000001b6e0000)

Polling page: 0x0000000000800000

CodeCache: size=245760Kb used=13672Kb max_used=13672Kb free=232087Kb
 bounds [0x0000000002950000, 0x00000000036c0000, 0x0000000011950000]
 total_blobs=3631 nmethods=3287 adapters=254
 compilation: enabled

Compilation events (10 events):
Event: 2.571 Thread 0x000000001e3b2800 3288       3       java.lang.ProcessEnvironment$CheckedEntry::getKey (5 bytes)
Event: 2.571 Thread 0x000000001e3b4000 3289       3       java.lang.ProcessEnvironment$CheckedEntry::getKey (13 bytes)
Event: 2.571 Thread 0x000000001e3b3800 3290       3       java.lang.ProcessEnvironment$EntryComparator::compare (13 bytes)
Event: 2.571 Thread 0x000000001e3b1000 3291       3       java.lang.ProcessEnvironment$EntryComparator::compare (25 bytes)
Event: 2.571 Thread 0x000000001e3b4000 nmethod 3289 0x00000000036b14d0 code [0x00000000036b1640, 0x00000000036b1948]
Event: 2.571 Thread 0x000000001e3b2800 nmethod 3288 0x00000000036b1a10 code [0x00000000036b1b80, 0x00000000036b1ee8]
Event: 2.571 Thread 0x000000001e3b2800 3292       3       java.lang.ProcessEnvironment::access$300 (4 bytes)
Event: 2.571 Thread 0x000000001e3b2800 nmethod 3292 0x00000000036b2010 code [0x00000000036b2160, 0x00000000036b2290]
Event: 2.571 Thread 0x000000001e3b1000 nmethod 3291 0x00000000036b2310 code [0x00000000036b24c0, 0x00000000036b2a88]
Event: 2.571 Thread 0x000000001e3b3800 nmethod 3290 0x00000000036b2c10 code [0x00000000036b2de0, 0x00000000036b3688]

GC Heap History (6 events):
Event: 0.941 GC heap before
{Heap before GC invocations=1 (full 0):
 PSYoungGen      total 76288K, used 65536K [0x000000076b000000, 0x0000000770500000, 0x00000007c0000000)
  eden space 65536K, 100% used [0x000000076b000000,0x000000076f000000,0x000000076f000000)
  from space 10752K, 0% used [0x000000076fa80000,0x000000076fa80000,0x0000000770500000)
  to   space 10752K, 0% used [0x000000076f000000,0x000000076f000000,0x000000076fa80000)
 ParOldGen       total 175104K, used 0K [0x00000006c1000000, 0x00000006cbb00000, 0x000000076b000000)
  object space 175104K, 0% used [0x00000006c1000000,0x00000006c1000000,0x00000006cbb00000)
 Metaspace       used 11729K, capacity 11970K, committed 12160K, reserved 1060864K
  class space    used 1489K, capacity 1578K, committed 1664K, reserved 1048576K
Event: 0.949 GC heap after
Heap after GC invocations=1 (full 0):
 PSYoungGen      total 76288K, used 10112K [0x000000076b000000, 0x0000000770500000, 0x00000007c0000000)
  eden space 65536K, 0% used [0x000000076b000000,0x000000076b000000,0x000000076f000000)
  from space 10752K, 94% used [0x000000076f000000,0x000000076f9e0008,0x000000076fa80000)
  to   space 10752K, 0% used [0x000000076fa80000,0x000000076fa80000,0x0000000770500000)
 ParOldGen       total 175104K, used 16K [0x00000006c1000000, 0x00000006cbb00000, 0x000000076b000000)
  object space 175104K, 0% used [0x00000006c1000000,0x00000006c1004000,0x00000006cbb00000)
 Metaspace       used 11729K, capacity 11970K, committed 12160K, reserved 1060864K
  class space    used 1489K, capacity 1578K, committed 1664K, reserved 1048576K
}
Event: 1.654 GC heap before
{Heap before GC invocations=2 (full 0):
 PSYoungGen      total 76288K, used 75648K [0x000000076b000000, 0x0000000770500000, 0x00000007c0000000)
  eden space 65536K, 100% used [0x000000076b000000,0x000000076f000000,0x000000076f000000)
  from space 10752K, 94% used [0x000000076f000000,0x000000076f9e0008,0x000000076fa80000)
  to   space 10752K, 0% used [0x000000076fa80000,0x000000076fa80000,0x0000000770500000)
 ParOldGen       total 175104K, used 16K [0x00000006c1000000, 0x00000006cbb00000, 0x000000076b000000)
  object space 175104K, 0% used [0x00000006c1000000,0x00000006c1004000,0x00000006cbb00000)
 Metaspace       used 15165K, capacity 15472K, committed 15744K, reserved 1062912K
  class space    used 1845K, capacity 1919K, committed 1920K, reserved 1048576K
Event: 1.667 GC heap after
Heap after GC invocations=2 (full 0):
 PSYoungGen      total 76288K, used 10742K [0x000000076b000000, 0x0000000774500000, 0x00000007c0000000)
  eden space 65536K, 0% used [0x000000076b000000,0x000000076b000000,0x000000076f000000)
  from space 10752K, 99% used [0x000000076fa80000,0x00000007704fda58,0x0000000770500000)
  to   space 10752K, 0% used [0x000000076f000000,0x000000076f000000,0x000000076fa80000)
 ParOldGen       total 175104K, used 1276K [0x00000006c1000000, 0x00000006cbb00000, 0x000000076b000000)
  object space 175104K, 0% used [0x00000006c1000000,0x00000006c113f318,0x00000006cbb00000)
 Metaspace       used 15165K, capacity 15472K, committed 15744K, reserved 1062912K
  class space    used 1845K, capacity 1919K, committed 1920K, reserved 1048576K
}
Event: 2.264 GC heap before
{Heap before GC invocations=3 (full 0):
 PSYoungGen      total 76288K, used 76278K [0x000000076b000000, 0x0000000774500000, 0x00000007c0000000)
  eden space 65536K, 100% used [0x000000076b000000,0x000000076f000000,0x000000076f000000)
  from space 10752K, 99% used [0x000000076fa80000,0x00000007704fda58,0x0000000770500000)
  to   space 10752K, 0% used [0x000000076f000000,0x000000076f000000,0x000000076fa80000)
 ParOldGen       total 175104K, used 1276K [0x00000006c1000000, 0x00000006cbb00000, 0x000000076b000000)
  object space 175104K, 0% used [0x00000006c1000000,0x00000006c113f318,0x00000006cbb00000)
 Metaspace       used 15733K, capacity 16046K, committed 16384K, reserved 1062912K
  class space    used 1868K, capacity 1956K, committed 2048K, reserved 1048576K
Event: 2.272 GC heap after
Heap after GC invocations=3 (full 0):
 PSYoungGen      total 76288K, used 10720K [0x000000076b000000, 0x0000000774500000, 0x00000007c0000000)
  eden space 65536K, 0% used [0x000000076b000000,0x000000076b000000,0x000000076f000000)
  from space 10752K, 99% used [0x000000076f000000,0x000000076fa78020,0x000000076fa80000)
  to   space 10752K, 0% used [0x0000000773a80000,0x0000000773a80000,0x0000000774500000)
 ParOldGen       total 175104K, used 5468K [0x00000006c1000000, 0x00000006cbb00000, 0x000000076b000000)
  object space 175104K, 3% used [0x00000006c1000000,0x00000006c1557128,0x00000006cbb00000)
 Metaspace       used 15733K, capacity 16046K, committed 16384K, reserved 1062912K
  class space    used 1868K, capacity 1956K, committed 2048K, reserved 1048576K
}

Deoptimization events (10 events):
Event: 2.209 Thread 0x0000000002852800 Uncommon trap: reason=unstable_if action=reinterpret pc=0x00000000030aad1c method=java.util.LinkedHashMap.afterNodeInsertion(Z)V @ 18
Event: 2.304 Thread 0x0000000002852800 Uncommon trap: reason=unstable_if action=reinterpret pc=0x000000000334357c method=org.apache.maven.model.io.xpp3.MavenXpp3Reader.nextTag(Lorg/codehaus/plexus/util/xml/pull/XmlPullParser;)I @ 9
Event: 2.415 Thread 0x0000000002852800 Uncommon trap: reason=unstable_if action=reinterpret pc=0x00000000033ad780 method=org.codehaus.plexus.util.StringUtils.isNotEmpty(Ljava/lang/String;)Z @ 8
Event: 2.416 Thread 0x0000000002852800 Uncommon trap: reason=class_check action=maybe_recompile pc=0x0000000003606204 method=org.eclipse.sisu.wire.EntryListAdapter$ValueIterator.hasNext()Z @ 4
Event: 2.418 Thread 0x0000000002852800 Uncommon trap: reason=unstable_if action=reinterpret pc=0x0000000003446d00 method=java.util.concurrent.ConcurrentHashMap.replaceNode(Ljava/lang/Object;Ljava/lang/Object;Ljava/lang/Object;)Ljava/lang/Object; @ 124
Event: 2.539 Thread 0x0000000002852800 Uncommon trap: reason=bimorphic action=maybe_recompile pc=0x000000000312c228 method=java.util.regex.Pattern$CharProperty.match(Ljava/util/regex/Matcher;ILjava/lang/CharSequence;)Z @ 37
Event: 2.562 Thread 0x0000000002852800 Uncommon trap: reason=unstable_if action=reinterpret pc=0x00000000033f4940 method=java.util.StringTokenizer.setMaxDelimCodePoint()V @ 71
Event: 2.562 Thread 0x0000000002852800 Uncommon trap: reason=predicate action=maybe_recompile pc=0x00000000032948f4 method=java.util.StringTokenizer.skipDelimiters(I)I @ 17
Event: 2.562 Thread 0x0000000002852800 Uncommon trap: reason=unstable_if action=reinterpret pc=0x00000000032e1fb4 method=java.util.StringTokenizer.scanToken(I)I @ 96
Event: 2.562 Thread 0x0000000002852800 Uncommon trap: reason=unstable_if action=reinterpret pc=0x000000000322fee0 method=java.util.StringTokenizer.scanToken(I)I @ 96

Classes redefined (0 events):
No events

Internal exceptions (10 events):
Event: 1.160 Thread 0x0000000002852800 Exception <a 'java/lang/NullPointerException'> (0x000000076bf6e480) thrown at [C:\re\workspace\8-2-build-windows-amd64-cygwin\jdk8u181\11358\hotspot\src\share\vm\interpreter\linkResolver.cpp, line 1185]
Event: 1.285 Thread 0x0000000002852800 Implicit null exception at 0x00000000031186c3 to 0x000000000311890d
Event: 1.578 Thread 0x0000000002852800 Implicit null exception at 0x0000000002ebe195 to 0x0000000002ebe399
Event: 1.578 Thread 0x0000000002852800 Implicit null exception at 0x0000000002ea506f to 0x0000000002ea50d9
Event: 1.579 Thread 0x0000000002852800 Implicit null exception at 0x0000000003200755 to 0x0000000003200a11
Event: 1.579 Thread 0x0000000002852800 Implicit null exception at 0x00000000030cae9b to 0x00000000030cb6b5
Event: 1.579 Thread 0x0000000002852800 Implicit null exception at 0x0000000002e6947b to 0x0000000002e69a11
Event: 1.594 Thread 0x0000000002852800 Implicit null exception at 0x00000000032a60ef to 0x00000000032a6651
Event: 1.652 Thread 0x0000000002852800 Implicit null exception at 0x00000000033080be to 0x0000000003308355
Event: 1.759 Thread 0x0000000002852800 Implicit null exception at 0x00000000033a211c to 0x00000000033a31b5

Events (10 events):
Event: 2.596 loading class org/apache/commons/exec/InputStreamPumper done
Event: 2.596 loading class java/io/PipedOutputStream
Event: 2.596 loading class java/io/PipedOutputStream done
Event: 2.596 loading class org/apache/commons/exec/StreamPumper
Event: 2.596 loading class org/apache/commons/exec/StreamPumper done
Event: 2.596 loading class org/apache/commons/exec/StreamPumper
Event: 2.596 loading class org/apache/commons/exec/StreamPumper done
Event: 2.597 Thread 0x0000000022480000 Thread added: 0x0000000022480000
Event: 2.597 Thread 0x000000002555d800 Thread added: 0x000000002555d800
Event: 2.597 Thread 0x00000000230de800 Thread added: 0x00000000230de800


Dynamic libraries:
0x00007ff71e0b0000 - 0x00007ff71e0e7000 	C:\Program Files\Java\jdk1.8.0_181\bin\java.exe
0x00007ffcb27f0000 - 0x00007ffcb29e4000 	C:\WINDOWS\SYSTEM32\ntdll.dll
0x00007ffcb0850000 - 0x00007ffcb090d000 	C:\WINDOWS\System32\KERNEL32.DLL
0x00007ffcb0020000 - 0x00007ffcb02e7000 	C:\WINDOWS\System32\KERNELBASE.dll
0x00007ffcb1f50000 - 0x00007ffcb1ffa000 	C:\WINDOWS\System32\ADVAPI32.dll
0x00007ffcb2260000 - 0x00007ffcb22fe000 	C:\WINDOWS\System32\msvcrt.dll
0x00007ffcb0f90000 - 0x00007ffcb102b000 	C:\WINDOWS\System32\sechost.dll
0x00007ffcb0e60000 - 0x00007ffcb0f83000 	C:\WINDOWS\System32\RPCRT4.dll
0x00007ffcb1240000 - 0x00007ffcb13e0000 	C:\WINDOWS\System32\USER32.dll
0x00007ffcb0450000 - 0x00007ffcb0472000 	C:\WINDOWS\System32\win32u.dll
0x00007ffcb1650000 - 0x00007ffcb167a000 	C:\WINDOWS\System32\GDI32.dll
0x00007ffcb0480000 - 0x00007ffcb058a000 	C:\WINDOWS\System32\gdi32full.dll
0x00007ffcaff30000 - 0x00007ffcaffcd000 	C:\WINDOWS\System32\msvcp_win.dll
0x00007ffcb0350000 - 0x00007ffcb0450000 	C:\WINDOWS\System32\ucrtbase.dll
0x00007ffc91a70000 - 0x00007ffc91d0a000 	C:\WINDOWS\WinSxS\amd64_microsoft.windows.common-controls_6595b64144ccf1df_6.0.19033.1_none_b557e4d546831049\COMCTL32.dll
0x00007ffcb2780000 - 0x00007ffcb27b0000 	C:\WINDOWS\System32\IMM32.DLL
0x0000000058420000 - 0x00000000584f2000 	C:\Program Files\Java\jdk1.8.0_181\jre\bin\msvcr100.dll
0x0000000058500000 - 0x0000000058da2000 	C:\Program Files\Java\jdk1.8.0_181\jre\bin\server\jvm.dll
0x00007ffcb2770000 - 0x00007ffcb2778000 	C:\WINDOWS\System32\PSAPI.DLL
0x00007ffc8e680000 - 0x00007ffc8e689000 	C:\WINDOWS\SYSTEM32\WSOCK32.dll
0x00007ffca60f0000 - 0x00007ffca6117000 	C:\WINDOWS\SYSTEM32\WINMM.dll
0x00007ffcb1680000 - 0x00007ffcb16eb000 	C:\WINDOWS\System32\WS2_32.dll
0x00007ffca8450000 - 0x00007ffca845a000 	C:\WINDOWS\SYSTEM32\VERSION.dll
0x00000000583d0000 - 0x00000000583df000 	C:\Program Files\Java\jdk1.8.0_181\jre\bin\verify.dll
0x00000000583a0000 - 0x00000000583c9000 	C:\Program Files\Java\jdk1.8.0_181\jre\bin\java.dll
0x0000000058380000 - 0x0000000058396000 	C:\Program Files\Java\jdk1.8.0_181\jre\bin\zip.dll
0x00007ffcb16f0000 - 0x00007ffcb1e21000 	C:\WINDOWS\System32\SHELL32.dll
0x00007ffcae0e0000 - 0x00007ffcae86a000 	C:\WINDOWS\SYSTEM32\windows.storage.dll
0x00007ffcb0b00000 - 0x00007ffcb0e54000 	C:\WINDOWS\System32\combase.dll
0x00007ffcaf9b0000 - 0x00007ffcaf9db000 	C:\WINDOWS\SYSTEM32\Wldp.dll
0x00007ffcb2000000 - 0x00007ffcb20ae000 	C:\WINDOWS\System32\SHCORE.dll
0x00007ffcb09a0000 - 0x00007ffcb09f5000 	C:\WINDOWS\System32\shlwapi.dll
0x00007ffcafe70000 - 0x00007ffcafe8f000 	C:\WINDOWS\SYSTEM32\profapi.dll
0x0000000058360000 - 0x000000005837a000 	C:\Program Files\Java\jdk1.8.0_181\jre\bin\net.dll
0x00007ffcaf730000 - 0x00007ffcaf79a000 	C:\WINDOWS\system32\mswsock.dll
0x0000000058340000 - 0x0000000058351000 	C:\Program Files\Java\jdk1.8.0_181\jre\bin\nio.dll

VM Arguments:
jvm_args: -Dclassworlds.conf=C:\Program Files\NetBeans-11.1\netbeans\java\maven\bin\m2.conf -Dmaven.home=C:\Program Files\NetBeans-11.1\netbeans\java\maven -Dmaven.multiModuleProjectDirectory=C:\PR02 
java_command: org.codehaus.plexus.classworlds.launcher.Launcher -Dexec.args=-classpath %classpath com.mitienda.spring.StartApplication -Dexec.executable=C:\Program Files\Java\jdk1.8.0_181\bin\java.exe -Dmaven.ext.class.path=C:\Program Files\NetBeans-11.1\netbeans\java\maven-nblib\netbeans-eventspy.jar -Dfile.encoding=UTF-8 org.codehaus.mojo:exec-maven-plugin:1.5.0:exec
java_class_path (initial): C:\Program Files\NetBeans-11.1\netbeans\java\maven\boot\plexus-classworlds-2.5.2.jar
Launcher Type: SUN_STANDARD

Environment Variables:
JAVA_HOME=C:\Program Files\Java\jdk1.8.0_181
PATH=C:\WINDOWS\system32;C:\WINDOWS;C:\WINDOWS\System32\Wbem;C:\WINDOWS\System32\WindowsPowerShell\v1.0\;C:\WINDOWS\System32\OpenSSH\;C:\Program Files\Crucial\Crucial Storage Executive;C:\Program Files\PuTTY\;C:\Program Files (x86)\Common Files\Acronis\VirtualFile\;C:\Program Files (x86)\Common Files\Acronis\VirtualFile64\;C:\Program Files (x86)\Common Files\Acronis\FileProtector\;C:\Program Files (x86)\Common Files\Acronis\FileProtector64\;C:\Program Files (x86)\Common Files\Acronis\SnapAPI\;C:\Users\carlo\AppData\Local\Microsoft\WindowsApps;C:\Users\carlo\AppData\Local\GitHubDesktop\bin;C:\Users\carlo\AppData\Local\Microsoft\WindowsApps
USERNAME=Carlos
OS=Windows_NT
PROCESSOR_IDENTIFIER=AMD64 Family 23 Model 1 Stepping 1, AuthenticAMD



---------------  S Y S T E M  ---------------

OS: Windows 10.0 , 64 bit Build 19033 (10.0.19033.1)

CPU:total 16 (initial active 16) (16 cores per cpu, 1 threads per core) family 23 model 1 stepping 1, cmov, cx8, fxsr, mmx, sse, sse2, sse3, ssse3, sse4.1, sse4.2, popcnt, avx, avx2, aes, clmul, mmxext, 3dnowpref, lzcnt, sse4a, tsc, tscinvbit, tscinv, bmi1

Memory: 4k page, physical 16704736k(4569444k free), swap 16704736k(5200k free)

vm_info: Java HotSpot(TM) 64-Bit Server VM (25.181-b13) for windows-amd64 JRE (1.8.0_181-b13), built on Jul  7 2018 04:01:33 by "java_re" with MS VC++ 10.0 (VS2010)

time: Sun Dec 01 23:12:47 2019
elapsed time: 2 seconds (0d 0h 0m 2s)

