#
# There is insufficient memory for the Java Runtime Environment to continue.
# Native memory allocation (malloc) failed to allocate 1393936 bytes for Chunk::new
# Possible reasons:
#   The system is out of physical RAM or swap space
#   In 32 bit mode, the process size limit was hit
# Possible solutions:
#   Reduce memory load on the system
#   Increase physical memory or swap space
#   Check if swap backing store is full
#   Use 64 bit Java on a 64 bit OS
#   Decrease Java heap size (-Xmx/-Xms)
#   Decrease number of Java threads
#   Decrease Java thread stack sizes (-Xss)
#   Set larger code cache with -XX:ReservedCodeCacheSize=
# This output file may be truncated or incomplete.
#
#  Out of Memory Error (allocation.cpp:390), pid=3560, tid=0x00000000000045ec
#
# JRE version: Java(TM) SE Runtime Environment (8.0_181-b13) (build 1.8.0_181-b13)
# Java VM: Java HotSpot(TM) 64-Bit Server VM (25.181-b13 mixed mode windows-amd64 compressed oops)
# Failed to write core dump. Minidumps are not enabled by default on client versions of Windows
#

---------------  T H R E A D  ---------------

Current thread (0x000000001ea32000):  JavaThread "C2 CompilerThread6" daemon [_thread_in_native, id=17900, stack(0x0000000020c20000,0x0000000020d20000)]

Stack: [0x0000000020c20000,0x0000000020d20000]
[error occurred during error reporting (printing stack bounds), id 0xc0000005]

Native frames: (J=compiled Java code, j=interpreted, Vv=VM code, C=native code)


Current CompileTask:
C2:   2796 3138   !   4       java.net.URLClassLoader$1::run (63 bytes)


---------------  P R O C E S S  ---------------

Java Threads: ( => current thread )
  0x000000001eaa2000 JavaThread "Service Thread" daemon [_thread_blocked, id=10684, stack(0x0000000021320000,0x0000000021420000)]
  0x000000001ea75800 JavaThread "C1 CompilerThread11" daemon [_thread_blocked, id=17340, stack(0x0000000021220000,0x0000000021320000)]
  0x000000001ea6b800 JavaThread "C1 CompilerThread10" daemon [_thread_blocked, id=12020, stack(0x0000000021120000,0x0000000021220000)]
  0x000000001ea5b000 JavaThread "C1 CompilerThread9" daemon [_thread_blocked, id=14428, stack(0x0000000021020000,0x0000000021120000)]
  0x000000001ea59000 JavaThread "C1 CompilerThread8" daemon [_thread_blocked, id=2064, stack(0x0000000020e20000,0x0000000020f20000)]
  0x000000001ea3d800 JavaThread "C2 CompilerThread7" daemon [_thread_blocked, id=15872, stack(0x0000000020d20000,0x0000000020e20000)]
=>0x000000001ea32000 JavaThread "C2 CompilerThread6" daemon [_thread_in_native, id=17900, stack(0x0000000020c20000,0x0000000020d20000)]
  0x000000001ea0f000 JavaThread "C2 CompilerThread5" daemon [_thread_in_native, id=15784, stack(0x0000000020b20000,0x0000000020c20000)]
  0x000000001e9f6000 JavaThread "C2 CompilerThread4" daemon [_thread_in_native, id=18304, stack(0x0000000020a20000,0x0000000020b20000)]
  0x000000001e9cd800 JavaThread "C2 CompilerThread3" daemon [_thread_in_native, id=10644, stack(0x0000000020920000,0x0000000020a20000)]
  0x000000001e9c2800 JavaThread "C2 CompilerThread2" daemon [_thread_blocked, id=16532, stack(0x0000000020820000,0x0000000020920000)]
  0x000000001e9bd800 JavaThread "C2 CompilerThread1" daemon [_thread_blocked, id=1584, stack(0x0000000020720000,0x0000000020820000)]
  0x000000001e9bc000 JavaThread "C2 CompilerThread0" daemon [_thread_in_native, id=16140, stack(0x0000000020620000,0x0000000020720000)]
  0x000000001e9bb000 JavaThread "Attach Listener" daemon [_thread_blocked, id=7220, stack(0x0000000020520000,0x0000000020620000)]
  0x000000001e9b6800 JavaThread "Signal Dispatcher" daemon [_thread_blocked, id=8860, stack(0x0000000020420000,0x0000000020520000)]
  0x000000001e9a6800 JavaThread "Finalizer" daemon [_thread_blocked, id=14752, stack(0x0000000020200000,0x0000000020300000)]
  0x000000001cf3f800 JavaThread "Reference Handler" daemon [_thread_blocked, id=13032, stack(0x0000000020100000,0x0000000020200000)]
  0x0000000002ec2800 JavaThread "main" [_thread_in_native, id=6764, stack(0x0000000002dc0000,0x0000000002ec0000)]

Other Threads:
  0x000000001e985800 VMThread [stack: 0x0000000020000000,0x0000000020100000] [id=12508]
  0x000000001ea8f800 WatcherThread [stack: 0x0000000021420000,0x0000000021520000] [id=3352]

VM state:not at safepoint (normal execution)

VM Mutex/Monitor currently owned by a thread: None

Heap:
 PSYoungGen      total 76288K, used 41279K [0x000000076b000000, 0x0000000770500000, 0x00000007c0000000)
  eden space 65536K, 46% used [0x000000076b000000,0x000000076cdd7e80,0x000000076f000000)
  from space 10752K, 99% used [0x000000076f000000,0x000000076fa78020,0x000000076fa80000)
  to   space 10752K, 0% used [0x000000076fa80000,0x000000076fa80000,0x0000000770500000)
 ParOldGen       total 175104K, used 5963K [0x00000006c1000000, 0x00000006cbb00000, 0x000000076b000000)
  object space 175104K, 3% used [0x00000006c1000000,0x00000006c15d2c08,0x00000006cbb00000)
 Metaspace       used 16589K, capacity 17138K, committed 17280K, reserved 1064960K
  class space    used 1968K, capacity 2100K, committed 2176K, reserved 1048576K

Card table byte_map: [0x0000000012380000,0x0000000012b80000] byte_map_base: 0x000000000ed78000

Marking Bits: (ParMarkBitMap*) 0x0000000058d22d00
 Begin Bits: [0x0000000013dd0000, 0x0000000017d90000)
 End Bits:   [0x0000000017d90000, 0x000000001bd50000)

Polling page: 0x0000000000be0000

CodeCache: size=245760Kb used=14235Kb max_used=14246Kb free=231524Kb
 bounds [0x0000000002fc0000, 0x0000000003dc0000, 0x0000000011fc0000]
 total_blobs=3705 nmethods=3347 adapters=268
 compilation: enabled

Compilation events (10 events):
Event: 2.787 Thread 0x000000001ea6b800 nmethod 3347 0x0000000003daf550 code [0x0000000003daf6e0, 0x0000000003dafb10]
Event: 2.787 Thread 0x000000001ea59000 3349       3       sun.reflect.generics.repository.AbstractRepository::getReifier (8 bytes)
Event: 2.787 Thread 0x000000001ea59000 nmethod 3349 0x0000000003daef90 code [0x0000000003daf100, 0x0000000003daf3f0]
Event: 2.787 Thread 0x000000001ea5b000 nmethod 3346 0x0000000003db0ad0 code [0x0000000003db0d00, 0x0000000003db1c28]
Event: 2.787 Thread 0x000000001ea75800 3350       3       java.lang.reflect.Method::hashCode (19 bytes)
Event: 2.787 Thread 0x000000001ea6b800 3351       1       sun.reflect.generics.tree.MethodTypeSignature::getParameterTypes (5 bytes)
Event: 2.787 Thread 0x000000001ea6b800 nmethod 3351 0x0000000003daecd0 code [0x0000000003daee20, 0x0000000003daef30]
Event: 2.788 Thread 0x000000001ea75800 nmethod 3350 0x0000000003dae450 code [0x0000000003dae5e0, 0x0000000003daeb68]
Event: 2.788 Thread 0x000000001e9bd800 3352       4       java.util.AbstractCollection::<init> (5 bytes)
Event: 2.788 Thread 0x000000001e9bd800 nmethod 3352 0x0000000003d76a10 code [0x0000000003d76b40, 0x0000000003d76b98]

GC Heap History (6 events):
Event: 0.954 GC heap before
{Heap before GC invocations=1 (full 0):
 PSYoungGen      total 76288K, used 65536K [0x000000076b000000, 0x0000000770500000, 0x00000007c0000000)
  eden space 65536K, 100% used [0x000000076b000000,0x000000076f000000,0x000000076f000000)
  from space 10752K, 0% used [0x000000076fa80000,0x000000076fa80000,0x0000000770500000)
  to   space 10752K, 0% used [0x000000076f000000,0x000000076f000000,0x000000076fa80000)
 ParOldGen       total 175104K, used 0K [0x00000006c1000000, 0x00000006cbb00000, 0x000000076b000000)
  object space 175104K, 0% used [0x00000006c1000000,0x00000006c1000000,0x00000006cbb00000)
 Metaspace       used 11742K, capacity 11970K, committed 12160K, reserved 1060864K
  class space    used 1488K, capacity 1578K, committed 1664K, reserved 1048576K
Event: 0.963 GC heap after
Heap after GC invocations=1 (full 0):
 PSYoungGen      total 76288K, used 10148K [0x000000076b000000, 0x0000000770500000, 0x00000007c0000000)
  eden space 65536K, 0% used [0x000000076b000000,0x000000076b000000,0x000000076f000000)
  from space 10752K, 94% used [0x000000076f000000,0x000000076f9e9108,0x000000076fa80000)
  to   space 10752K, 0% used [0x000000076fa80000,0x000000076fa80000,0x0000000770500000)
 ParOldGen       total 175104K, used 16K [0x00000006c1000000, 0x00000006cbb00000, 0x000000076b000000)
  object space 175104K, 0% used [0x00000006c1000000,0x00000006c1004000,0x00000006cbb00000)
 Metaspace       used 11742K, capacity 11970K, committed 12160K, reserved 1060864K
  class space    used 1488K, capacity 1578K, committed 1664K, reserved 1048576K
}
Event: 1.663 GC heap before
{Heap before GC invocations=2 (full 0):
 PSYoungGen      total 76288K, used 75684K [0x000000076b000000, 0x0000000770500000, 0x00000007c0000000)
  eden space 65536K, 100% used [0x000000076b000000,0x000000076f000000,0x000000076f000000)
  from space 10752K, 94% used [0x000000076f000000,0x000000076f9e9108,0x000000076fa80000)
  to   space 10752K, 0% used [0x000000076fa80000,0x000000076fa80000,0x0000000770500000)
 ParOldGen       total 175104K, used 16K [0x00000006c1000000, 0x00000006cbb00000, 0x000000076b000000)
  object space 175104K, 0% used [0x00000006c1000000,0x00000006c1004000,0x00000006cbb00000)
 Metaspace       used 15031K, capacity 15344K, committed 15488K, reserved 1062912K
  class space    used 1825K, capacity 1919K, committed 1920K, reserved 1048576K
Event: 1.673 GC heap after
Heap after GC invocations=2 (full 0):
 PSYoungGen      total 76288K, used 10750K [0x000000076b000000, 0x0000000770500000, 0x00000007c0000000)
  eden space 65536K, 0% used [0x000000076b000000,0x000000076b000000,0x000000076f000000)
  from space 10752K, 99% used [0x000000076fa80000,0x00000007704ff9a8,0x0000000770500000)
  to   space 10752K, 0% used [0x000000076f000000,0x000000076f000000,0x000000076fa80000)
 ParOldGen       total 175104K, used 706K [0x00000006c1000000, 0x00000006cbb00000, 0x000000076b000000)
  object space 175104K, 0% used [0x00000006c1000000,0x00000006c10b0b58,0x00000006cbb00000)
 Metaspace       used 15031K, capacity 15344K, committed 15488K, reserved 1062912K
  class space    used 1825K, capacity 1919K, committed 1920K, reserved 1048576K
}
Event: 2.246 GC heap before
{Heap before GC invocations=3 (full 0):
 PSYoungGen      total 76288K, used 76286K [0x000000076b000000, 0x0000000770500000, 0x00000007c0000000)
  eden space 65536K, 100% used [0x000000076b000000,0x000000076f000000,0x000000076f000000)
  from space 10752K, 99% used [0x000000076fa80000,0x00000007704ff9a8,0x0000000770500000)
  to   space 10752K, 0% used [0x000000076f000000,0x000000076f000000,0x000000076fa80000)
 ParOldGen       total 175104K, used 706K [0x00000006c1000000, 0x00000006cbb00000, 0x000000076b000000)
  object space 175104K, 0% used [0x00000006c1000000,0x00000006c10b0b58,0x00000006cbb00000)
 Metaspace       used 15614K, capacity 15918K, committed 16128K, reserved 1062912K
  class space    used 1862K, capacity 1956K, committed 2048K, reserved 1048576K
Event: 2.258 GC heap after
Heap after GC invocations=3 (full 0):
 PSYoungGen      total 76288K, used 10720K [0x000000076b000000, 0x0000000770500000, 0x00000007c0000000)
  eden space 65536K, 0% used [0x000000076b000000,0x000000076b000000,0x000000076f000000)
  from space 10752K, 99% used [0x000000076f000000,0x000000076fa78020,0x000000076fa80000)
  to   space 10752K, 0% used [0x000000076fa80000,0x000000076fa80000,0x0000000770500000)
 ParOldGen       total 175104K, used 5963K [0x00000006c1000000, 0x00000006cbb00000, 0x000000076b000000)
  object space 175104K, 3% used [0x00000006c1000000,0x00000006c15d2c08,0x00000006cbb00000)
 Metaspace       used 15614K, capacity 15918K, committed 16128K, reserved 1062912K
  class space    used 1862K, capacity 1956K, committed 2048K, reserved 1048576K
}

Deoptimization events (10 events):
Event: 2.308 Thread 0x0000000002ec2800 Uncommon trap: reason=unstable_if action=reinterpret pc=0x0000000003a14628 method=org.apache.maven.artifact.versioning.ComparableVersion.parseVersion(Ljava/lang/String;)V @ 126
Event: 2.339 Thread 0x0000000002ec2800 Uncommon trap: reason=unstable_if action=reinterpret pc=0x000000000372855c method=java.util.LinkedHashMap.afterNodeInsertion(Z)V @ 18
Event: 2.401 Thread 0x0000000002ec2800 Uncommon trap: reason=unstable_if action=reinterpret pc=0x000000000396d4fc method=org.apache.maven.model.io.xpp3.MavenXpp3Reader.nextTag(Lorg/codehaus/plexus/util/xml/pull/XmlPullParser;)I @ 9
Event: 2.408 Thread 0x0000000002ec2800 Uncommon trap: reason=speculate_class_check action=maybe_recompile pc=0x0000000003c8938c method=java.nio.charset.CharsetDecoder.decode(Ljava/nio/ByteBuffer;Ljava/nio/CharBuffer;Z)Ljava/nio/charset/CoderResult; @ 57
Event: 2.409 Thread 0x0000000002ec2800 Uncommon trap: reason=speculate_class_check action=maybe_recompile pc=0x0000000003c8938c method=java.nio.charset.CharsetDecoder.decode(Ljava/nio/ByteBuffer;Ljava/nio/CharBuffer;Z)Ljava/nio/charset/CoderResult; @ 57
Event: 2.425 Thread 0x0000000002ec2800 Uncommon trap: reason=unstable_if action=reinterpret pc=0x0000000003a63500 method=org.codehaus.plexus.util.StringUtils.isNotEmpty(Ljava/lang/String;)Z @ 8
Event: 2.427 Thread 0x0000000002ec2800 Uncommon trap: reason=unstable_if action=reinterpret pc=0x0000000003a56f00 method=java.util.concurrent.ConcurrentHashMap.replaceNode(Ljava/lang/Object;Ljava/lang/Object;Ljava/lang/Object;)Ljava/lang/Object; @ 124
Event: 2.479 Thread 0x0000000002ec2800 Uncommon trap: reason=bimorphic action=maybe_recompile pc=0x00000000037a9c20 method=java.util.regex.Pattern$CharProperty.match(Ljava/util/regex/Matcher;ILjava/lang/CharSequence;)Z @ 37
Event: 2.485 Thread 0x0000000002ec2800 Uncommon trap: reason=null_check action=make_not_entrant pc=0x00000000039ad10c method=com.google.inject.internal.InjectorImpl.callInContext(Lcom/google/inject/internal/ContextualCallable;)Ljava/lang/Object; @ 7
Event: 2.486 Thread 0x0000000002ec2800 Uncommon trap: reason=null_check action=make_not_entrant pc=0x0000000003be65c0 method=org.eclipse.sisu.plexus.ClassRealmManager.visibleRealmNames(Lorg/codehaus/plexus/classworlds/realm/ClassRealm;)Ljava/util/Set; @ 19

Classes redefined (0 events):
No events

Internal exceptions (10 events):
Event: 1.185 Thread 0x0000000002ec2800 Exception <a 'java/lang/NullPointerException'> (0x000000076bf569e0) thrown at [C:\re\workspace\8-2-build-windows-amd64-cygwin\jdk8u181\11358\hotspot\src\share\vm\interpreter\linkResolver.cpp, line 1185]
Event: 1.185 Thread 0x0000000002ec2800 Exception <a 'java/lang/NullPointerException'> (0x000000076bf56bf8) thrown at [C:\re\workspace\8-2-build-windows-amd64-cygwin\jdk8u181\11358\hotspot\src\share\vm\interpreter\linkResolver.cpp, line 1185]
Event: 1.314 Thread 0x0000000002ec2800 Implicit null exception at 0x000000000378d583 to 0x000000000378d7cd
Event: 1.630 Thread 0x0000000002ec2800 Implicit null exception at 0x0000000003951d03 to 0x0000000003951f4d
Event: 1.730 Thread 0x0000000002ec2800 Implicit null exception at 0x000000000357ae15 to 0x000000000357b019
Event: 1.730 Thread 0x0000000002ec2800 Implicit null exception at 0x0000000003502e6f to 0x0000000003502ed9
Event: 1.860 Thread 0x0000000002ec2800 Implicit null exception at 0x000000000390ec2f to 0x000000000390f191
Event: 1.906 Thread 0x0000000002ec2800 Implicit null exception at 0x0000000003a6f2dc to 0x0000000003a70375
Event: 2.485 Thread 0x0000000002ec2800 Implicit null exception at 0x00000000039abfba to 0x00000000039ad0fd
Event: 2.486 Thread 0x0000000002ec2800 Implicit null exception at 0x0000000003be5ddf to 0x0000000003be65a5

Events (10 events):
Event: 2.785 loading class org/apache/maven/plugin/Mojo
Event: 2.785 loading class org/apache/maven/plugin/Mojo done
Event: 2.785 loading class org/apache/maven/plugin/Mojo
Event: 2.785 loading class org/apache/maven/plugin/Mojo done
Event: 2.785 loading class org/apache/maven/plugin/Mojo
Event: 2.785 loading class org/apache/maven/plugin/Mojo done
Event: 2.785 loading class org/apache/maven/plugins/resources/TestResourcesMojo
Event: 2.785 loading class org/apache/maven/plugins/resources/TestResourcesMojo done
Event: 2.785 loading class org/apache/maven/plugins/resources/TestResourcesMojo
Event: 2.785 loading class org/apache/maven/plugins/resources/TestResourcesMojo done


Dynamic libraries:
0x00007ff71e0b0000 - 0x00007ff71e0e7000 	C:\Program Files\Java\jdk1.8.0_181\bin\java.exe
0x00007ffcb27f0000 - 0x00007ffcb29e4000 	C:\WINDOWS\SYSTEM32\ntdll.dll
0x00007ffcb0850000 - 0x00007ffcb090d000 	C:\WINDOWS\System32\KERNEL32.DLL
0x00007ffcb0020000 - 0x00007ffcb02e7000 	C:\WINDOWS\System32\KERNELBASE.dll
0x00007ffcb1f50000 - 0x00007ffcb1ffa000 	C:\WINDOWS\System32\ADVAPI32.dll
0x00007ffcb2260000 - 0x00007ffcb22fe000 	C:\WINDOWS\System32\msvcrt.dll
0x00007ffcb0f90000 - 0x00007ffcb102b000 	C:\WINDOWS\System32\sechost.dll
0x00007ffcb0e60000 - 0x00007ffcb0f83000 	C:\WINDOWS\System32\RPCRT4.dll
0x00007ffcb1240000 - 0x00007ffcb13e0000 	C:\WINDOWS\System32\USER32.dll
0x00007ffcb0450000 - 0x00007ffcb0472000 	C:\WINDOWS\System32\win32u.dll
0x00007ffcb1650000 - 0x00007ffcb167a000 	C:\WINDOWS\System32\GDI32.dll
0x00007ffcb0480000 - 0x00007ffcb058a000 	C:\WINDOWS\System32\gdi32full.dll
0x00007ffcaff30000 - 0x00007ffcaffcd000 	C:\WINDOWS\System32\msvcp_win.dll
0x00007ffcb0350000 - 0x00007ffcb0450000 	C:\WINDOWS\System32\ucrtbase.dll
0x00007ffc91a70000 - 0x00007ffc91d0a000 	C:\WINDOWS\WinSxS\amd64_microsoft.windows.common-controls_6595b64144ccf1df_6.0.19033.1_none_b557e4d546831049\COMCTL32.dll
0x00007ffcb2780000 - 0x00007ffcb27b0000 	C:\WINDOWS\System32\IMM32.DLL
0x0000000058420000 - 0x00000000584f2000 	C:\Program Files\Java\jdk1.8.0_181\jre\bin\msvcr100.dll
0x0000000058500000 - 0x0000000058da2000 	C:\Program Files\Java\jdk1.8.0_181\jre\bin\server\jvm.dll
0x00007ffcb2770000 - 0x00007ffcb2778000 	C:\WINDOWS\System32\PSAPI.DLL
0x00007ffca60f0000 - 0x00007ffca6117000 	C:\WINDOWS\SYSTEM32\WINMM.dll
0x00007ffc8e680000 - 0x00007ffc8e689000 	C:\WINDOWS\SYSTEM32\WSOCK32.dll
0x00007ffca8450000 - 0x00007ffca845a000 	C:\WINDOWS\SYSTEM32\VERSION.dll
0x00007ffcb1680000 - 0x00007ffcb16eb000 	C:\WINDOWS\System32\WS2_32.dll
0x00000000583d0000 - 0x00000000583df000 	C:\Program Files\Java\jdk1.8.0_181\jre\bin\verify.dll
0x00000000583a0000 - 0x00000000583c9000 	C:\Program Files\Java\jdk1.8.0_181\jre\bin\java.dll
0x0000000058380000 - 0x0000000058396000 	C:\Program Files\Java\jdk1.8.0_181\jre\bin\zip.dll
0x00007ffcb16f0000 - 0x00007ffcb1e21000 	C:\WINDOWS\System32\SHELL32.dll
0x00007ffcae0e0000 - 0x00007ffcae86a000 	C:\WINDOWS\SYSTEM32\windows.storage.dll
0x00007ffcb0b00000 - 0x00007ffcb0e54000 	C:\WINDOWS\System32\combase.dll
0x00007ffcaf9b0000 - 0x00007ffcaf9db000 	C:\WINDOWS\SYSTEM32\Wldp.dll
0x00007ffcb2000000 - 0x00007ffcb20ae000 	C:\WINDOWS\System32\SHCORE.dll
0x00007ffcb09a0000 - 0x00007ffcb09f5000 	C:\WINDOWS\System32\shlwapi.dll
0x00007ffcafe70000 - 0x00007ffcafe8f000 	C:\WINDOWS\SYSTEM32\profapi.dll
0x0000000058360000 - 0x000000005837a000 	C:\Program Files\Java\jdk1.8.0_181\jre\bin\net.dll
0x00007ffcaf730000 - 0x00007ffcaf79a000 	C:\WINDOWS\system32\mswsock.dll
0x0000000058340000 - 0x0000000058351000 	C:\Program Files\Java\jdk1.8.0_181\jre\bin\nio.dll

VM Arguments:
jvm_args: -Dclassworlds.conf=C:\Program Files\NetBeans-11.1\netbeans\java\maven\bin\m2.conf -Dmaven.home=C:\Program Files\NetBeans-11.1\netbeans\java\maven -Dmaven.multiModuleProjectDirectory=C:\PR02 
java_command: org.codehaus.plexus.classworlds.launcher.Launcher -Dmaven.ext.class.path=C:\Program Files\NetBeans-11.1\netbeans\java\maven-nblib\netbeans-eventspy.jar -Dfile.encoding=UTF-8 clean install
java_class_path (initial): C:\Program Files\NetBeans-11.1\netbeans\java\maven\boot\plexus-classworlds-2.5.2.jar
Launcher Type: SUN_STANDARD

Environment Variables:
JAVA_HOME=C:\Program Files\Java\jdk1.8.0_181
PATH=C:\WINDOWS\system32;C:\WINDOWS;C:\WINDOWS\System32\Wbem;C:\WINDOWS\System32\WindowsPowerShell\v1.0\;C:\WINDOWS\System32\OpenSSH\;C:\Program Files\Crucial\Crucial Storage Executive;C:\Program Files\PuTTY\;C:\Program Files (x86)\Common Files\Acronis\VirtualFile\;C:\Program Files (x86)\Common Files\Acronis\VirtualFile64\;C:\Program Files (x86)\Common Files\Acronis\FileProtector\;C:\Program Files (x86)\Common Files\Acronis\FileProtector64\;C:\Program Files (x86)\Common Files\Acronis\SnapAPI\;C:\Users\carlo\AppData\Local\Microsoft\WindowsApps;C:\Users\carlo\AppData\Local\GitHubDesktop\bin;C:\Users\carlo\AppData\Local\Microsoft\WindowsApps
USERNAME=Carlos
OS=Windows_NT
PROCESSOR_IDENTIFIER=AMD64 Family 23 Model 1 Stepping 1, AuthenticAMD



---------------  S Y S T E M  ---------------

OS: Windows 10.0 , 64 bit Build 19033 (10.0.19033.1)

CPU:total 16 (initial active 16) (16 cores per cpu, 1 threads per core) family 23 model 1 stepping 1, cmov, cx8, fxsr, mmx, sse, sse2, sse3, ssse3, sse4.1, sse4.2, popcnt, avx, avx2, aes, clmul, mmxext, 3dnowpref, lzcnt, sse4a, tsc, tscinvbit, tscinv, bmi1

Memory: 4k page, physical 16704736k(4404468k free), swap 16704736k(6024k free)

vm_info: Java HotSpot(TM) 64-Bit Server VM (25.181-b13) for windows-amd64 JRE (1.8.0_181-b13), built on Jul  7 2018 04:01:33 by "java_re" with MS VC++ 10.0 (VS2010)

time: Sun Dec 01 23:36:02 2019
elapsed time: 2 seconds (0d 0h 0m 2s)

