#
# There is insufficient memory for the Java Runtime Environment to continue.
# Native memory allocation (malloc) failed to allocate 1048576 bytes for AllocateHeap
# Possible reasons:
#   The system is out of physical RAM or swap space
#   In 32 bit mode, the process size limit was hit
# Possible solutions:
#   Reduce memory load on the system
#   Increase physical memory or swap space
#   Check if swap backing store is full
#   Use 64 bit Java on a 64 bit OS
#   Decrease Java heap size (-Xmx/-Xms)
#   Decrease number of Java threads
#   Decrease Java thread stack sizes (-Xss)
#   Set larger code cache with -XX:ReservedCodeCacheSize=
# This output file may be truncated or incomplete.
#
#  Out of Memory Error (memory/allocation.inline.hpp:61), pid=15964, tid=0x000000000000322c
#
# JRE version:  (8.0_181-b13) (build )
# Java VM: Java HotSpot(TM) 64-Bit Server VM (25.181-b13 mixed mode windows-amd64 compressed oops)
# Failed to write core dump. Minidumps are not enabled by default on client versions of Windows
#

---------------  T H R E A D  ---------------

Current thread (0x0000000002b32800):  JavaThread "Unknown thread" [_thread_in_vm, id=12844, stack(0x0000000002a30000,0x0000000002b30000)]

Stack: [0x0000000002a30000,0x0000000002b30000]
[error occurred during error reporting (printing stack bounds), id 0xc0000005]

Native frames: (J=compiled Java code, j=interpreted, Vv=VM code, C=native code)


---------------  P R O C E S S  ---------------

Java Threads: ( => current thread )

Other Threads:

=>0x0000000002b32800 (exited) JavaThread "Unknown thread" [_thread_in_vm, id=12844, stack(0x0000000002a30000,0x0000000002b30000)]

VM state:not at safepoint (normal execution)

VM Mutex/Monitor currently owned by a thread: None

Heap:
 PSYoungGen      total 76288K, used 1310K [0x000000076b000000, 0x0000000770500000, 0x00000007c0000000)
  eden space 65536K, 2% used [0x000000076b000000,0x000000076b147af0,0x000000076f000000)
  from space 10752K, 0% used [0x000000076fa80000,0x000000076fa80000,0x0000000770500000)
  to   space 10752K, 0% used [0x000000076f000000,0x000000076f000000,0x000000076fa80000)
 ParOldGen       total 175104K, used 0K [0x00000006c1000000, 0x00000006cbb00000, 0x000000076b000000)
  object space 175104K, 0% used [0x00000006c1000000,0x00000006c1000000,0x00000006cbb00000)
 Metaspace       used 775K, capacity 4480K, committed 4480K, reserved 1056768K
  class space    used 76K, capacity 384K, committed 384K, reserved 1048576K

Card table byte_map: [0x0000000011ff0000,0x00000000127f0000] byte_map_base: 0x000000000e9e8000

Marking Bits: (ParMarkBitMap*) 0x0000000058d22d00
 Begin Bits: [0x0000000013a40000, 0x0000000017a00000)
 End Bits:   [0x0000000017a00000, 0x000000001b9c0000)

Polling page: 0x00000000010e0000

CodeCache: size=245760Kb used=327Kb max_used=327Kb free=245432Kb
 bounds [0x0000000002c30000, 0x0000000002ea0000, 0x0000000011c30000]
 total_blobs=57 nmethods=0 adapters=38
 compilation: enabled

Compilation events (0 events):
No events

GC Heap History (0 events):
No events

Deoptimization events (0 events):
No events

Classes redefined (0 events):
No events

Internal exceptions (0 events):
No events

Events (10 events):
Event: 0.027 loading class java/lang/Short
Event: 0.027 loading class java/lang/Short done
Event: 0.027 loading class java/lang/Integer
Event: 0.028 loading class java/lang/Integer done
Event: 0.028 loading class java/lang/Long
Event: 0.028 loading class java/lang/Long done
Event: 0.028 loading class java/lang/NullPointerException
Event: 0.028 loading class java/lang/NullPointerException done
Event: 0.028 loading class java/lang/ArithmeticException
Event: 0.028 loading class java/lang/ArithmeticException done


Dynamic libraries:
0x00007ff71e0b0000 - 0x00007ff71e0e7000 	C:\Program Files\Java\jdk1.8.0_181\bin\java.exe
0x00007ffcb27f0000 - 0x00007ffcb29e4000 	C:\WINDOWS\SYSTEM32\ntdll.dll
0x00007ffcb0850000 - 0x00007ffcb090d000 	C:\WINDOWS\System32\KERNEL32.DLL
0x00007ffcb0020000 - 0x00007ffcb02e7000 	C:\WINDOWS\System32\KERNELBASE.dll
0x00007ffcb1f50000 - 0x00007ffcb1ffa000 	C:\WINDOWS\System32\ADVAPI32.dll
0x00007ffcb2260000 - 0x00007ffcb22fe000 	C:\WINDOWS\System32\msvcrt.dll
0x00007ffcb0f90000 - 0x00007ffcb102b000 	C:\WINDOWS\System32\sechost.dll
0x00007ffcb0e60000 - 0x00007ffcb0f83000 	C:\WINDOWS\System32\RPCRT4.dll
0x00007ffcb1240000 - 0x00007ffcb13e0000 	C:\WINDOWS\System32\USER32.dll
0x00007ffcb0450000 - 0x00007ffcb0472000 	C:\WINDOWS\System32\win32u.dll
0x00007ffcb1650000 - 0x00007ffcb167a000 	C:\WINDOWS\System32\GDI32.dll
0x00007ffcb0480000 - 0x00007ffcb058a000 	C:\WINDOWS\System32\gdi32full.dll
0x00007ffcaff30000 - 0x00007ffcaffcd000 	C:\WINDOWS\System32\msvcp_win.dll
0x00007ffcb0350000 - 0x00007ffcb0450000 	C:\WINDOWS\System32\ucrtbase.dll
0x00007ffc91a70000 - 0x00007ffc91d0a000 	C:\WINDOWS\WinSxS\amd64_microsoft.windows.common-controls_6595b64144ccf1df_6.0.19033.1_none_b557e4d546831049\COMCTL32.dll
0x00007ffcb2780000 - 0x00007ffcb27b0000 	C:\WINDOWS\System32\IMM32.DLL
0x0000000058420000 - 0x00000000584f2000 	C:\Program Files\Java\jdk1.8.0_181\jre\bin\msvcr100.dll
0x0000000058500000 - 0x0000000058da2000 	C:\Program Files\Java\jdk1.8.0_181\jre\bin\server\jvm.dll
0x00007ffcb2770000 - 0x00007ffcb2778000 	C:\WINDOWS\System32\PSAPI.DLL
0x00007ffc8e680000 - 0x00007ffc8e689000 	C:\WINDOWS\SYSTEM32\WSOCK32.dll
0x00007ffca60f0000 - 0x00007ffca6117000 	C:\WINDOWS\SYSTEM32\WINMM.dll
0x00007ffca8450000 - 0x00007ffca845a000 	C:\WINDOWS\SYSTEM32\VERSION.dll
0x00007ffcb1680000 - 0x00007ffcb16eb000 	C:\WINDOWS\System32\WS2_32.dll
0x00000000583d0000 - 0x00000000583df000 	C:\Program Files\Java\jdk1.8.0_181\jre\bin\verify.dll
0x00000000583a0000 - 0x00000000583c9000 	C:\Program Files\Java\jdk1.8.0_181\jre\bin\java.dll
0x0000000058380000 - 0x0000000058396000 	C:\Program Files\Java\jdk1.8.0_181\jre\bin\zip.dll

VM Arguments:
jvm_args: -Dclassworlds.conf=C:\Program Files\NetBeans-11.1\netbeans\java\maven\bin\m2.conf -Dmaven.home=C:\Program Files\NetBeans-11.1\netbeans\java\maven -Dmaven.multiModuleProjectDirectory=C:\PR02 
java_command: org.codehaus.plexus.classworlds.launcher.Launcher -Dexec.args=-classpath %classpath com.mitienda.spring.StartApplication -Dexec.executable=C:\Program Files\Java\jdk1.8.0_181\bin\java.exe -Dmaven.ext.class.path=C:\Program Files\NetBeans-11.1\netbeans\java\maven-nblib\netbeans-eventspy.jar -Dfile.encoding=UTF-8 org.codehaus.mojo:exec-maven-plugin:1.5.0:exec
java_class_path (initial): C:\Program Files\NetBeans-11.1\netbeans\java\maven\boot\plexus-classworlds-2.5.2.jar
Launcher Type: SUN_STANDARD

Environment Variables:
JAVA_HOME=C:\Program Files\Java\jdk1.8.0_181
PATH=C:\WINDOWS\system32;C:\WINDOWS;C:\WINDOWS\System32\Wbem;C:\WINDOWS\System32\WindowsPowerShell\v1.0\;C:\WINDOWS\System32\OpenSSH\;C:\Program Files\Crucial\Crucial Storage Executive;C:\Program Files\PuTTY\;C:\Program Files (x86)\Common Files\Acronis\VirtualFile\;C:\Program Files (x86)\Common Files\Acronis\VirtualFile64\;C:\Program Files (x86)\Common Files\Acronis\FileProtector\;C:\Program Files (x86)\Common Files\Acronis\FileProtector64\;C:\Program Files (x86)\Common Files\Acronis\SnapAPI\;C:\Users\carlo\AppData\Local\Microsoft\WindowsApps;C:\Users\carlo\AppData\Local\GitHubDesktop\bin;C:\Users\carlo\AppData\Local\Microsoft\WindowsApps
USERNAME=Carlos
OS=Windows_NT
PROCESSOR_IDENTIFIER=AMD64 Family 23 Model 1 Stepping 1, AuthenticAMD



---------------  S Y S T E M  ---------------

OS: Windows 10.0 , 64 bit Build 19033 (10.0.19033.1)

CPU:total 16 (initial active 16) (16 cores per cpu, 1 threads per core) family 23 model 1 stepping 1, cmov, cx8, fxsr, mmx, sse, sse2, sse3, ssse3, sse4.1, sse4.2, popcnt, avx, avx2, aes, clmul, mmxext, 3dnowpref, lzcnt, sse4a, tsc, tscinvbit, tscinv, bmi1

Memory: 4k page, physical 16704736k(4418088k free), swap 16704736k(5564k free)

vm_info: Java HotSpot(TM) 64-Bit Server VM (25.181-b13) for windows-amd64 JRE (1.8.0_181-b13), built on Jul  7 2018 04:01:33 by "java_re" with MS VC++ 10.0 (VS2010)

time: Sun Dec 01 23:40:59 2019
elapsed time: 0 seconds (0d 0h 0m 0s)

